<?xml version="1.0" encoding="UTF-8"?>
<!-- Generated by org.testng.reporters.JUnitXMLReporter -->
<testsuite ignored="1" hostname="USPUNKIKATKAR1" failures="3" tests="8" name="Surefire test" time="30.303" errors="0" timestamp="2024-03-07T03:22:17 IST">
  <testcase classname="com.wa.ModifiedOnline.BaseTestCases.BaseTest" name="@BeforeClass commonSetup" time="-1.709761907462E9">
    <failure type="org.testng.TestNGException" message="
Parameter &amp;apos;browser&amp;apos; is required by BeforeClass on method commonSetup but has not been marked @Optional or defined
">
      <![CDATA[org.testng.TestNGException: 
Parameter 'browser' is required by BeforeClass on method commonSetup but has not been marked @Optional or defined

at java.base/java.util.ArrayList.forEach(ArrayList.java:1511)
... Removed 27 stack frames]]>
    </failure>
  </testcase> <!-- @BeforeClass commonSetup -->
  <testcase classname="com.wa.ModifiedOnline.TestCases.LogInOutTest" name="@BeforeClass setExcelFile" time="0.0">
    <skipped/>
  </testcase> <!-- @BeforeClass setExcelFile -->
  <testcase classname="com.wa.ModifiedOnline.BaseTestCases.BaseTest" name="@BeforeMethod methodSetup" time="0.0">
    <skipped/>
  </testcase> <!-- @BeforeMethod methodSetup -->
  <testcase classname="com.wa.ModifiedOnline.BaseTestCases.BaseTest" name="@AfterClass commonTeardown" time="0.0">
    <skipped/>
  </testcase> <!-- @AfterClass commonTeardown -->
  <testcase classname="com.wa.ModifiedOnline.BaseTestCases.BaseTest" name="@BeforeClass commonSetup" time="-1.709761907542E9">
    <failure type="org.testng.TestNGException" message="
Parameter &amp;apos;browser&amp;apos; is required by BeforeClass on method commonSetup but has not been marked @Optional or defined
">
      <![CDATA[org.testng.TestNGException: 
Parameter 'browser' is required by BeforeClass on method commonSetup but has not been marked @Optional or defined

at java.base/java.util.ArrayList.forEach(ArrayList.java:1511)
... Removed 27 stack frames]]>
    </failure>
  </testcase> <!-- @BeforeClass commonSetup -->
  <testcase classname="com.wa.ModifiedOnline.BaseTestCases.BaseTest" name="@BeforeMethod methodSetup" time="0.0">
    <skipped/>
  </testcase> <!-- @BeforeMethod methodSetup -->
  <testcase classname="com.wa.ModifiedOnline.TestCases.LoginTest" name="@AfterMethod afterMethod" time="0.0">
    <skipped/>
  </testcase> <!-- @AfterMethod afterMethod -->
  <testcase classname="com.wa.ModifiedOnline.BaseTestCases.BaseTest" name="@BeforeMethod methodSetup" time="0.0">
    <skipped/>
  </testcase> <!-- @BeforeMethod methodSetup -->
  <testcase classname="com.wa.ModifiedOnline.TestCases.LoginTest" name="@AfterMethod afterMethod" time="0.0">
    <skipped/>
  </testcase> <!-- @AfterMethod afterMethod -->
  <testcase classname="com.wa.ModifiedOnline.BaseTestCases.BaseTest" name="@AfterClass commonTeardown" time="0.0">
    <skipped/>
  </testcase> <!-- @AfterClass commonTeardown -->
  <testcase classname="com.wa.ModifiedOnline.BaseTestCases.BaseTest" name="@BeforeClass commonSetup" time="-1.709761907547E9">
    <failure type="org.testng.TestNGException" message="
Parameter &amp;apos;browser&amp;apos; is required by BeforeClass on method commonSetup but has not been marked @Optional or defined
">
      <![CDATA[org.testng.TestNGException: 
Parameter 'browser' is required by BeforeClass on method commonSetup but has not been marked @Optional or defined

at java.base/java.util.ArrayList.forEach(ArrayList.java:1511)
... Removed 27 stack frames]]>
    </failure>
  </testcase> <!-- @BeforeClass commonSetup -->
  <testcase classname="com.wa.ModifiedOnline.BaseTestCases.BaseTest" name="@BeforeMethod methodSetup" time="0.0">
    <skipped/>
  </testcase> <!-- @BeforeMethod methodSetup -->
  <testcase classname="com.wa.ModifiedOnline.TestCases.LogoutTest" name="@AfterMethod afterMethod" time="0.0">
    <skipped/>
  </testcase> <!-- @AfterMethod afterMethod -->
  <testcase classname="com.wa.ModifiedOnline.BaseTestCases.BaseTest" name="@AfterClass commonTeardown" time="0.0">
    <skipped/>
  </testcase> <!-- @AfterClass commonTeardown -->
  <testcase classname="com.wa.ModifiedOnline.BaseTestCases.BaseTest" name="@BeforeClass commonSetup" time="-1.70976190755E9">
    <failure type="org.testng.TestNGException" message="
Parameter &amp;apos;browser&amp;apos; is required by BeforeClass on method commonSetup but has not been marked @Optional or defined
">
      <![CDATA[org.testng.TestNGException: 
Parameter 'browser' is required by BeforeClass on method commonSetup but has not been marked @Optional or defined

at java.base/java.util.ArrayList.forEach(ArrayList.java:1511)
... Removed 27 stack frames]]>
    </failure>
  </testcase> <!-- @BeforeClass commonSetup -->
  <testcase classname="com.wa.ModifiedOnline.TestCases.VerifyAllTest" name="@BeforeClass setExcelFile" time="0.0">
    <skipped/>
  </testcase> <!-- @BeforeClass setExcelFile -->
  <testcase classname="com.wa.ModifiedOnline.BaseTestCases.BaseTest" name="@BeforeMethod methodSetup" time="0.0">
    <skipped/>
  </testcase> <!-- @BeforeMethod methodSetup -->
  <testcase classname="com.wa.ModifiedOnline.BaseTestCases.BaseTest" name="@AfterClass commonTeardown" time="0.0">
    <skipped/>
  </testcase> <!-- @AfterClass commonTeardown -->
  <testcase classname="com.wa.ModifiedOnline.TestCases.LogInOutTest" name="validLoginTest" time="0.0">
    <failure type="org.testng.TestNGException" message="
Data Provider public java.lang.Object[][] com.wa.ModifiedOnline.TestCases.LogInOutTest.getLoginTestData() returned a null value">
      <![CDATA[org.testng.TestNGException: 
Data Provider public java.lang.Object[][] com.wa.ModifiedOnline.TestCases.LogInOutTest.getLoginTestData() returned a null value
at java.base/java.util.ArrayList.forEach(ArrayList.java:1511)
... Removed 29 stack frames]]>
    </failure>
  </testcase> <!-- validLoginTest -->
  <testcase classname="com.wa.ModifiedOnline.TestCases.LogInOutTest" name="validLogutTest" time="0.0">
    <skipped/>
  </testcase> <!-- validLogutTest -->
  <testcase classname="com.wa.ModifiedOnline.TestCases.LoginTest" name="invalidLoginTest" time="0.0">
    <skipped/>
  </testcase> <!-- invalidLoginTest -->
  <testcase classname="com.wa.ModifiedOnline.TestCases.LoginTest" name="validLoginTest" time="0.0">
    <skipped/>
  </testcase> <!-- validLoginTest -->
  <testcase classname="com.wa.ModifiedOnline.TestCases.LogoutTest" name="validLoginTest" time="0.0">
    <skipped/>
  </testcase> <!-- validLoginTest -->
  <testcase classname="com.wa.ModifiedOnline.TestCases.VerifyAllTest" name="validLoginTest" time="0.0">
    <failure type="org.testng.TestNGException" message="
Data Provider public java.lang.Object[][] com.wa.ModifiedOnline.TestCases.VerifyAllTest.getLoginTestData() returned a null value">
      <![CDATA[org.testng.TestNGException: 
Data Provider public java.lang.Object[][] com.wa.ModifiedOnline.TestCases.VerifyAllTest.getLoginTestData() returned a null value
at java.base/java.util.ArrayList.forEach(ArrayList.java:1511)
... Removed 29 stack frames]]>
    </failure>
  </testcase> <!-- validLoginTest -->
  <testcase classname="com.wa.ModifiedOnline.TestCases.VerifyAllTest" name="getSearchResults" time="0.001">
    <skipped/>
  </testcase> <!-- getSearchResults -->
  <testcase classname="io.cucumber.testng.AbstractTestNGCucumberTests" name="runScenario" time="29.542">
    <failure type="java.lang.NullPointerException" message="Cannot invoke &amp;quot;com.wa.ModifiedOnline.TestClasses.LoginPage.login(String, String)&amp;quot; because &amp;quot;this.loginPage&amp;quot; is null">
      <![CDATA[java.lang.NullPointerException: Cannot invoke "com.wa.ModifiedOnline.TestClasses.LoginPage.login(String, String)" because "this.loginPage" is null
at Cucumber.StepDefinition.StepDefinitionLogin.login_using_username_something_and_password_something(StepDefinitionLogin.java:43)
at âœ½.login using username kirankatkar3317@gmail.com and password Kiran@3317(file:///C:/Users/kikatkar/girrepo/git-sample-repo/testng_Realtime/src/test/java/Cucumber/Login1.feature:9)
]]>
    </failure>
  </testcase> <!-- runScenario -->
  <testcase classname="com.wa.ModifiedOnline.TestCases.LogoutTest" name="invalidLoginTest" time="0.0">
    <ignored/>
  </testcase> <!-- invalidLoginTest -->
</testsuite> <!-- Surefire test -->
