23:40:58.298 TRACE nio.NioEventLoop -instrumented a special java.util.Set into: sun.nio.ch.WEPollSelectorImpl@596a7f44
23:40:58.282 TRACE nio.NioEventLoop -instrumented a special java.util.Set into: sun.nio.ch.WEPollSelectorImpl@6d0b0da6
23:40:58.301 TRACE nio.NioEventLoop -instrumented a special java.util.Set into: sun.nio.ch.WEPollSelectorImpl@6dab01d9
23:40:58.301 TRACE nio.NioEventLoop -instrumented a special java.util.Set into: sun.nio.ch.WEPollSelectorImpl@63a28987
23:40:58.304 TRACE nio.NioEventLoop -instrumented a special java.util.Set into: sun.nio.ch.WEPollSelectorImpl@120d3fd
23:40:58.304 TRACE nio.NioEventLoop -instrumented a special java.util.Set into: sun.nio.ch.WEPollSelectorImpl@2e09c51
23:40:58.308 TRACE nio.NioEventLoop -instrumented a special java.util.Set into: sun.nio.ch.WEPollSelectorImpl@38c9e0d6
23:40:58.308 TRACE nio.NioEventLoop -instrumented a special java.util.Set into: sun.nio.ch.WEPollSelectorImpl@869d87c
23:40:58.310 TRACE nio.NioEventLoop -instrumented a special java.util.Set into: sun.nio.ch.WEPollSelectorImpl@4693a9ef
23:40:58.346 DEBUG buffer.PooledByteBufAllocator --Dio.netty.allocator.numHeapArenas: 24
23:40:58.346 DEBUG buffer.PooledByteBufAllocator --Dio.netty.allocator.numHeapArenas: 24
23:40:58.346 DEBUG buffer.PooledByteBufAllocator --Dio.netty.allocator.numDirectArenas: 24
23:40:58.346 DEBUG buffer.PooledByteBufAllocator --Dio.netty.allocator.pageSize: 8192
23:40:58.346 DEBUG buffer.PooledByteBufAllocator --Dio.netty.allocator.numDirectArenas: 24
23:40:58.346 DEBUG buffer.PooledByteBufAllocator --Dio.netty.allocator.maxOrder: 9
23:40:58.346 DEBUG buffer.PooledByteBufAllocator --Dio.netty.allocator.pageSize: 8192
23:40:58.346 DEBUG buffer.PooledByteBufAllocator --Dio.netty.allocator.chunkSize: 4194304
23:40:58.347 DEBUG buffer.PooledByteBufAllocator --Dio.netty.allocator.smallCacheSize: 256
23:40:58.347 DEBUG buffer.PooledByteBufAllocator --Dio.netty.allocator.maxOrder: 9
23:40:58.347 DEBUG buffer.PooledByteBufAllocator --Dio.netty.allocator.normalCacheSize: 64
23:40:58.347 DEBUG buffer.PooledByteBufAllocator --Dio.netty.allocator.maxCachedBufferCapacity: 32768
23:40:58.347 DEBUG buffer.PooledByteBufAllocator --Dio.netty.allocator.chunkSize: 4194304
23:40:58.347 DEBUG buffer.PooledByteBufAllocator --Dio.netty.allocator.cacheTrimInterval: 8192
23:40:58.347 DEBUG buffer.PooledByteBufAllocator --Dio.netty.allocator.smallCacheSize: 256
23:40:58.347 DEBUG buffer.PooledByteBufAllocator --Dio.netty.allocator.normalCacheSize: 64
23:40:58.347 DEBUG buffer.PooledByteBufAllocator --Dio.netty.allocator.cacheTrimIntervalMillis: 0
23:40:58.347 DEBUG buffer.PooledByteBufAllocator --Dio.netty.allocator.maxCachedBufferCapacity: 32768
23:40:58.347 DEBUG buffer.PooledByteBufAllocator --Dio.netty.allocator.useCacheForAllThreads: false
23:40:58.347 DEBUG buffer.PooledByteBufAllocator --Dio.netty.allocator.maxCachedByteBuffersPerChunk: 1023
23:40:58.347 DEBUG buffer.PooledByteBufAllocator --Dio.netty.allocator.cacheTrimInterval: 8192
23:40:58.347 DEBUG buffer.PooledByteBufAllocator --Dio.netty.allocator.cacheTrimIntervalMillis: 0
23:40:58.348 DEBUG buffer.PooledByteBufAllocator --Dio.netty.allocator.useCacheForAllThreads: false
23:40:58.348 DEBUG buffer.PooledByteBufAllocator --Dio.netty.allocator.maxCachedByteBuffersPerChunk: 1023
23:40:58.363 DEBUG buffer.ByteBufUtil --Dio.netty.allocator.type: pooled
23:40:58.363 DEBUG buffer.ByteBufUtil --Dio.netty.allocator.type: pooled
23:40:58.363 DEBUG buffer.ByteBufUtil --Dio.netty.threadLocalDirectBufferSize: 0
23:40:58.363 DEBUG buffer.ByteBufUtil --Dio.netty.threadLocalDirectBufferSize: 0
23:40:58.363 DEBUG buffer.ByteBufUtil --Dio.netty.maxThreadLocalCharBufferSize: 16384
23:40:58.363 DEBUG buffer.ByteBufUtil --Dio.netty.maxThreadLocalCharBufferSize: 16384
23:40:58.858 DEBUG channel.DefaultChannelId --Dio.netty.processId: 24944 (auto-detected)
23:40:58.859 DEBUG channel.DefaultChannelId --Dio.netty.processId: 26620 (auto-detected)
23:40:58.862 DEBUG util.NetUtil --Djava.net.preferIPv4Stack: false
23:40:58.862 DEBUG util.NetUtil --Djava.net.preferIPv6Addresses: false
23:40:58.862 DEBUG util.NetUtil --Djava.net.preferIPv4Stack: false
23:40:58.862 DEBUG util.NetUtil --Djava.net.preferIPv6Addresses: false
23:40:58.870 DEBUG util.NetUtilInitializations -Loopback interface: lo (Software Loopback Interface 1, 127.0.0.1)
23:40:58.871 DEBUG util.NetUtilInitializations -Loopback interface: lo (Software Loopback Interface 1, 127.0.0.1)
23:40:58.871 DEBUG util.NetUtil -Failed to get SOMAXCONN from sysctl and file \proc\sys\net\core\somaxconn. Default: 200
23:40:58.872 DEBUG util.NetUtil -Failed to get SOMAXCONN from sysctl and file \proc\sys\net\core\somaxconn. Default: 200
23:40:58.888 DEBUG channel.DefaultChannelId --Dio.netty.machineId: 00:45:e2:ff:fe:82:f7:93 (auto-detected)
23:40:58.890 DEBUG channel.DefaultChannelId --Dio.netty.machineId: 00:45:e2:ff:fe:82:f7:93 (auto-detected)
23:40:58.960 DEBUG buffer.AbstractByteBuf --Dio.netty.buffer.checkAccessible: true
23:40:58.960 DEBUG buffer.AbstractByteBuf --Dio.netty.buffer.checkBounds: true
23:40:58.961 DEBUG util.ResourceLeakDetectorFactory -Loaded default ResourceLeakDetector: io.netty.util.ResourceLeakDetector@133510fa
23:40:58.961 DEBUG buffer.AbstractByteBuf --Dio.netty.buffer.checkAccessible: true
23:40:58.962 DEBUG buffer.AbstractByteBuf --Dio.netty.buffer.checkBounds: true
23:40:58.962 DEBUG util.ResourceLeakDetectorFactory -Loaded default ResourceLeakDetector: io.netty.util.ResourceLeakDetector@359fea7
23:40:58.992 DEBUG util.Recycler --Dio.netty.recycler.maxCapacityPerThread: 4096
23:40:58.992 DEBUG util.Recycler --Dio.netty.recycler.ratio: 8
23:40:58.992 DEBUG util.Recycler --Dio.netty.recycler.chunkSize: 32
23:40:58.992 DEBUG util.Recycler --Dio.netty.recycler.blocking: false
23:40:58.993 DEBUG util.Recycler --Dio.netty.recycler.maxCapacityPerThread: 4096
23:40:58.993 DEBUG util.Recycler --Dio.netty.recycler.ratio: 8
23:40:58.993 DEBUG util.Recycler --Dio.netty.recycler.chunkSize: 32
23:40:58.993 DEBUG util.Recycler --Dio.netty.recycler.blocking: false
23:41:00.526 DEBUG compression.Brotli -brotli4j not in the classpath; Brotli support will be unavailable.
23:41:00.526 DEBUG compression.Brotli -brotli4j not in the classpath; Brotli support will be unavailable.
23:41:00.710 DEBUG internal.ThreadLocalRandom --Dio.netty.initialSeedUniquifier: 0x4f673b036857742b
23:41:00.711 DEBUG internal.ThreadLocalRandom --Dio.netty.initialSeedUniquifier: 0x44cc35e043636902
23:41:06.347 INFO  BaseClasses.CustomDriver -waiting for max:: 2 seconds for element to visible
23:41:06.385 INFO  BaseClasses.CustomDriver -element is visible on webpage
23:41:06.559 INFO  BaseClasses.CustomDriver -waiting for max:: 2 seconds for element to visible
23:41:06.595 INFO  BaseClasses.CustomDriver -element is visible on webpage
23:41:06.702 TRACE websocketx.WebSocket08FrameEncoder -Encoding WebSocket Frame opCode=8 length=26
23:41:06.905 TRACE websocketx.WebSocket08FrameEncoder -Encoding WebSocket Frame opCode=8 length=26
23:42:38.197 INFO  BaseTestCases.WebDriverFactory -driver binary ::C:\Users\LENOVO\pageobject\ModidiedOnline\drivers\chromedriver.exe
23:42:38.373 DEBUG logging.InternalLoggerFactory -Using Log4J2 as the default logging framework
23:42:38.382 DEBUG util.ResourceLeakDetector --Dio.netty.leakDetection.level: simple
23:42:38.382 DEBUG util.ResourceLeakDetector --Dio.netty.leakDetection.targetRecords: 4
23:42:38.391 DEBUG util.ResourceLeakDetectorFactory -Loaded default ResourceLeakDetector: io.netty.util.ResourceLeakDetector@51a6cc2a
23:42:38.419 DEBUG internal.PlatformDependent0 --Dio.netty.noUnsafe: false
23:42:38.419 DEBUG internal.PlatformDependent0 -Java version: 17
23:42:38.421 DEBUG internal.PlatformDependent0 -sun.misc.Unsafe.theUnsafe: available
23:42:38.423 DEBUG internal.PlatformDependent0 -sun.misc.Unsafe.copyMemory: available
23:42:38.423 DEBUG internal.PlatformDependent0 -sun.misc.Unsafe.storeFence: available
23:42:38.424 DEBUG internal.PlatformDependent0 -java.nio.Buffer.address: available
23:42:38.425 DEBUG internal.PlatformDependent0 -direct buffer constructor: unavailable
java.lang.UnsupportedOperationException: Reflective setAccessible(true) disabled
	at io.netty.util.internal.ReflectionUtil.trySetAccessible(ReflectionUtil.java:31) ~[netty-common-4.1.84.Final.jar:4.1.84.Final]
	at io.netty.util.internal.PlatformDependent0$5.run(PlatformDependent0.java:288) ~[netty-common-4.1.84.Final.jar:4.1.84.Final]
	at java.security.AccessController.doPrivileged(AccessController.java:318) ~[?:?]
	at io.netty.util.internal.PlatformDependent0.<clinit>(PlatformDependent0.java:282) ~[netty-common-4.1.84.Final.jar:4.1.84.Final]
	at io.netty.util.internal.PlatformDependent.isAndroid(PlatformDependent.java:333) ~[netty-common-4.1.84.Final.jar:4.1.84.Final]
	at io.netty.util.internal.PlatformDependent.<clinit>(PlatformDependent.java:88) ~[netty-common-4.1.84.Final.jar:4.1.84.Final]
	at io.netty.util.HashedWheelTimer.<init>(HashedWheelTimer.java:114) ~[netty-common-4.1.84.Final.jar:4.1.84.Final]
	at io.netty.util.HashedWheelTimer.<init>(HashedWheelTimer.java:251) ~[netty-common-4.1.84.Final.jar:4.1.84.Final]
	at io.netty.util.HashedWheelTimer.<init>(HashedWheelTimer.java:224) ~[netty-common-4.1.84.Final.jar:4.1.84.Final]
	at io.netty.util.HashedWheelTimer.<init>(HashedWheelTimer.java:203) ~[netty-common-4.1.84.Final.jar:4.1.84.Final]
	at org.asynchttpclient.DefaultAsyncHttpClient.newNettyTimer(DefaultAsyncHttpClient.java:111) ~[async-http-client-2.12.3.jar:?]
	at org.asynchttpclient.DefaultAsyncHttpClient.<init>(DefaultAsyncHttpClient.java:90) ~[async-http-client-2.12.3.jar:?]
	at org.asynchttpclient.Dsl.asyncHttpClient(Dsl.java:32) ~[async-http-client-2.12.3.jar:?]
	at org.openqa.selenium.remote.http.netty.NettyClient.createHttpClient(NettyClient.java:94) ~[selenium-remote-driver-4.7.2.jar:?]
	at org.openqa.selenium.remote.http.netty.NettyClient.<clinit>(NettyClient.java:47) ~[selenium-remote-driver-4.7.2.jar:?]
	at org.openqa.selenium.remote.http.netty.NettyClient$Factory.createClient(NettyClient.java:135) ~[selenium-remote-driver-4.7.2.jar:?]
	at org.openqa.selenium.remote.HttpCommandExecutor.<init>(HttpCommandExecutor.java:107) ~[selenium-remote-driver-4.7.2.jar:?]
	at org.openqa.selenium.remote.HttpCommandExecutor.<init>(HttpCommandExecutor.java:94) ~[selenium-remote-driver-4.7.2.jar:?]
	at org.openqa.selenium.remote.HttpCommandExecutor.<init>(HttpCommandExecutor.java:85) ~[selenium-remote-driver-4.7.2.jar:?]
	at org.openqa.selenium.remote.service.DriverCommandExecutor.<init>(DriverCommandExecutor.java:80) ~[selenium-remote-driver-4.7.2.jar:?]
	at org.openqa.selenium.chromium.ChromiumDriverCommandExecutor.<init>(ChromiumDriverCommandExecutor.java:35) ~[selenium-chromium-driver-4.7.2.jar:?]
	at org.openqa.selenium.chrome.ChromeDriver$ChromeDriverCommandExecutor.<init>(ChromeDriver.java:94) ~[selenium-chrome-driver-4.7.2.jar:?]
	at org.openqa.selenium.chrome.ChromeDriver.<init>(ChromeDriver.java:82) ~[selenium-chrome-driver-4.7.2.jar:?]
	at org.openqa.selenium.chrome.ChromeDriver.<init>(ChromeDriver.java:71) ~[selenium-chrome-driver-4.7.2.jar:?]
	at com.wa.ModifiedOnline.BaseTestCases.WebDriverFactory.getDriver(WebDriverFactory.java:46) ~[test-classes/:?]
	at com.wa.ModifiedOnline.BaseTestCases.BaseTest.commonSetup(BaseTest.java:30) ~[test-classes/:?]
	at Cucumber.StepDefinition.StepDefinitionLogin.setupbrowser(StepDefinitionLogin.java:25) ~[test-classes/:?]
	at jdk.internal.reflect.NativeMethodAccessorImpl.invoke0(Native Method) ~[?:?]
	at jdk.internal.reflect.NativeMethodAccessorImpl.invoke(NativeMethodAccessorImpl.java:77) ~[?:?]
	at jdk.internal.reflect.DelegatingMethodAccessorImpl.invoke(DelegatingMethodAccessorImpl.java:43) ~[?:?]
	at java.lang.reflect.Method.invoke(Method.java:568) ~[?:?]
	at io.cucumber.java.Invoker.doInvoke(Invoker.java:66) ~[cucumber-java-7.11.2.jar:7.11.2]
	at io.cucumber.java.Invoker.invoke(Invoker.java:24) ~[cucumber-java-7.11.2.jar:7.11.2]
	at io.cucumber.java.AbstractGlueDefinition.invokeMethod(AbstractGlueDefinition.java:47) ~[cucumber-java-7.11.2.jar:7.11.2]
	at io.cucumber.java.JavaHookDefinition.execute(JavaHookDefinition.java:64) ~[cucumber-java-7.11.2.jar:7.11.2]
	at io.cucumber.core.runner.CoreHookDefinition.execute(CoreHookDefinition.java:46) ~[cucumber-core-7.11.2.jar:7.11.2]
	at io.cucumber.core.runner.HookDefinitionMatch.runStep(HookDefinitionMatch.java:21) ~[cucumber-core-7.11.2.jar:7.11.2]
	at io.cucumber.core.runner.ExecutionMode$1.execute(ExecutionMode.java:10) ~[cucumber-core-7.11.2.jar:7.11.2]
	at io.cucumber.core.runner.TestStep.executeStep(TestStep.java:84) ~[cucumber-core-7.11.2.jar:7.11.2]
	at io.cucumber.core.runner.TestStep.run(TestStep.java:56) ~[cucumber-core-7.11.2.jar:7.11.2]
	at io.cucumber.core.runner.TestCase.run(TestCase.java:78) ~[cucumber-core-7.11.2.jar:7.11.2]
	at io.cucumber.core.runner.Runner.runPickle(Runner.java:75) ~[cucumber-core-7.11.2.jar:7.11.2]
	at io.cucumber.testng.TestNGCucumberRunner.lambda$runScenario$1(TestNGCucumberRunner.java:132) ~[cucumber-testng-7.11.2.jar:7.11.2]
	at io.cucumber.core.runtime.CucumberExecutionContext.lambda$runTestCase$5(CucumberExecutionContext.java:130) ~[cucumber-core-7.11.2.jar:7.11.2]
	at io.cucumber.core.runtime.RethrowingThrowableCollector.executeAndThrow(RethrowingThrowableCollector.java:23) ~[cucumber-core-7.11.2.jar:7.11.2]
	at io.cucumber.core.runtime.CucumberExecutionContext.runTestCase(CucumberExecutionContext.java:130) ~[cucumber-core-7.11.2.jar:7.11.2]
	at io.cucumber.testng.TestNGCucumberRunner.runScenario(TestNGCucumberRunner.java:129) ~[cucumber-testng-7.11.2.jar:7.11.2]
	at io.cucumber.testng.AbstractTestNGCucumberTests.runScenario(AbstractTestNGCucumberTests.java:35) ~[cucumber-testng-7.11.2.jar:7.11.2]
	at jdk.internal.reflect.NativeMethodAccessorImpl.invoke0(Native Method) ~[?:?]
	at jdk.internal.reflect.NativeMethodAccessorImpl.invoke(NativeMethodAccessorImpl.java:77) ~[?:?]
	at jdk.internal.reflect.DelegatingMethodAccessorImpl.invoke(DelegatingMethodAccessorImpl.java:43) ~[?:?]
	at java.lang.reflect.Method.invoke(Method.java:568) ~[?:?]
	at org.testng.internal.MethodInvocationHelper.invokeMethod(MethodInvocationHelper.java:133) ~[org.testng_7.4.0.r202105021533.jar:7.4.0]
	at org.testng.internal.TestInvoker.invokeMethod(TestInvoker.java:598) ~[org.testng_7.4.0.r202105021533.jar:7.4.0]
	at org.testng.internal.TestInvoker.invokeTestMethod(TestInvoker.java:173) ~[org.testng_7.4.0.r202105021533.jar:7.4.0]
	at org.testng.internal.MethodRunner.runInSequence(MethodRunner.java:46) ~[org.testng_7.4.0.r202105021533.jar:7.4.0]
	at org.testng.internal.TestInvoker$MethodInvocationAgent.invoke(TestInvoker.java:824) ~[org.testng_7.4.0.r202105021533.jar:7.4.0]
	at org.testng.internal.TestInvoker.invokeTestMethods(TestInvoker.java:146) ~[org.testng_7.4.0.r202105021533.jar:7.4.0]
	at org.testng.internal.TestMethodWorker.invokeTestMethods(TestMethodWorker.java:146) ~[org.testng_7.4.0.r202105021533.jar:7.4.0]
	at org.testng.internal.TestMethodWorker.run(TestMethodWorker.java:128) ~[org.testng_7.4.0.r202105021533.jar:7.4.0]
	at java.util.ArrayList.forEach(ArrayList.java:1511) ~[?:?]
	at org.testng.TestRunner.privateRun(TestRunner.java:794) ~[org.testng_7.4.0.r202105021533.jar:7.4.0]
	at org.testng.TestRunner.run(TestRunner.java:596) ~[org.testng_7.4.0.r202105021533.jar:7.4.0]
	at org.testng.SuiteRunner.runTest(SuiteRunner.java:377) ~[org.testng_7.4.0.r202105021533.jar:7.4.0]
	at org.testng.SuiteRunner.runSequentially(SuiteRunner.java:371) ~[org.testng_7.4.0.r202105021533.jar:7.4.0]
	at org.testng.SuiteRunner.privateRun(SuiteRunner.java:332) ~[org.testng_7.4.0.r202105021533.jar:7.4.0]
	at org.testng.SuiteRunner.run(SuiteRunner.java:276) ~[org.testng_7.4.0.r202105021533.jar:7.4.0]
	at org.testng.SuiteRunnerWorker.runSuite(SuiteRunnerWorker.java:53) ~[org.testng_7.4.0.r202105021533.jar:7.4.0]
	at org.testng.SuiteRunnerWorker.run(SuiteRunnerWorker.java:96) ~[org.testng_7.4.0.r202105021533.jar:7.4.0]
	at org.testng.TestNG.runSuitesSequentially(TestNG.java:1212) ~[org.testng_7.4.0.r202105021533.jar:7.4.0]
	at org.testng.TestNG.runSuitesLocally(TestNG.java:1134) ~[org.testng_7.4.0.r202105021533.jar:7.4.0]
	at org.testng.TestNG.runSuites(TestNG.java:1063) ~[org.testng_7.4.0.r202105021533.jar:7.4.0]
	at org.testng.TestNG.run(TestNG.java:1031) ~[org.testng_7.4.0.r202105021533.jar:7.4.0]
	at org.testng.remote.AbstractRemoteTestNG.run(AbstractRemoteTestNG.java:115) ~[testng-remote.jar:?]
	at org.testng.remote.RemoteTestNG.initAndRun(RemoteTestNG.java:251) ~[testng-remote.jar:?]
	at org.testng.remote.RemoteTestNG.main(RemoteTestNG.java:77) ~[testng-remote.jar:?]
23:42:38.443 DEBUG internal.PlatformDependent0 -java.nio.Bits.unaligned: available, true
23:42:38.444 DEBUG internal.PlatformDependent0 -jdk.internal.misc.Unsafe.allocateUninitializedArray(int): unavailable
java.lang.IllegalAccessException: class io.netty.util.internal.PlatformDependent0$7 cannot access class jdk.internal.misc.Unsafe (in module java.base) because module java.base does not export jdk.internal.misc to unnamed module @9f70c54
	at jdk.internal.reflect.Reflection.newIllegalAccessException(Reflection.java:392) ~[?:?]
	at java.lang.reflect.AccessibleObject.checkAccess(AccessibleObject.java:674) ~[?:?]
	at java.lang.reflect.Method.invoke(Method.java:560) ~[?:?]
	at io.netty.util.internal.PlatformDependent0$7.run(PlatformDependent0.java:410) ~[netty-common-4.1.84.Final.jar:4.1.84.Final]
	at java.security.AccessController.doPrivileged(AccessController.java:318) ~[?:?]
	at io.netty.util.internal.PlatformDependent0.<clinit>(PlatformDependent0.java:401) ~[netty-common-4.1.84.Final.jar:4.1.84.Final]
	at io.netty.util.internal.PlatformDependent.isAndroid(PlatformDependent.java:333) ~[netty-common-4.1.84.Final.jar:4.1.84.Final]
	at io.netty.util.internal.PlatformDependent.<clinit>(PlatformDependent.java:88) ~[netty-common-4.1.84.Final.jar:4.1.84.Final]
	at io.netty.util.HashedWheelTimer.<init>(HashedWheelTimer.java:114) ~[netty-common-4.1.84.Final.jar:4.1.84.Final]
	at io.netty.util.HashedWheelTimer.<init>(HashedWheelTimer.java:251) ~[netty-common-4.1.84.Final.jar:4.1.84.Final]
	at io.netty.util.HashedWheelTimer.<init>(HashedWheelTimer.java:224) ~[netty-common-4.1.84.Final.jar:4.1.84.Final]
	at io.netty.util.HashedWheelTimer.<init>(HashedWheelTimer.java:203) ~[netty-common-4.1.84.Final.jar:4.1.84.Final]
	at org.asynchttpclient.DefaultAsyncHttpClient.newNettyTimer(DefaultAsyncHttpClient.java:111) ~[async-http-client-2.12.3.jar:?]
	at org.asynchttpclient.DefaultAsyncHttpClient.<init>(DefaultAsyncHttpClient.java:90) ~[async-http-client-2.12.3.jar:?]
	at org.asynchttpclient.Dsl.asyncHttpClient(Dsl.java:32) ~[async-http-client-2.12.3.jar:?]
	at org.openqa.selenium.remote.http.netty.NettyClient.createHttpClient(NettyClient.java:94) ~[selenium-remote-driver-4.7.2.jar:?]
	at org.openqa.selenium.remote.http.netty.NettyClient.<clinit>(NettyClient.java:47) ~[selenium-remote-driver-4.7.2.jar:?]
	at org.openqa.selenium.remote.http.netty.NettyClient$Factory.createClient(NettyClient.java:135) ~[selenium-remote-driver-4.7.2.jar:?]
	at org.openqa.selenium.remote.HttpCommandExecutor.<init>(HttpCommandExecutor.java:107) ~[selenium-remote-driver-4.7.2.jar:?]
	at org.openqa.selenium.remote.HttpCommandExecutor.<init>(HttpCommandExecutor.java:94) ~[selenium-remote-driver-4.7.2.jar:?]
	at org.openqa.selenium.remote.HttpCommandExecutor.<init>(HttpCommandExecutor.java:85) ~[selenium-remote-driver-4.7.2.jar:?]
	at org.openqa.selenium.remote.service.DriverCommandExecutor.<init>(DriverCommandExecutor.java:80) ~[selenium-remote-driver-4.7.2.jar:?]
	at org.openqa.selenium.chromium.ChromiumDriverCommandExecutor.<init>(ChromiumDriverCommandExecutor.java:35) ~[selenium-chromium-driver-4.7.2.jar:?]
	at org.openqa.selenium.chrome.ChromeDriver$ChromeDriverCommandExecutor.<init>(ChromeDriver.java:94) ~[selenium-chrome-driver-4.7.2.jar:?]
	at org.openqa.selenium.chrome.ChromeDriver.<init>(ChromeDriver.java:82) ~[selenium-chrome-driver-4.7.2.jar:?]
	at org.openqa.selenium.chrome.ChromeDriver.<init>(ChromeDriver.java:71) ~[selenium-chrome-driver-4.7.2.jar:?]
	at com.wa.ModifiedOnline.BaseTestCases.WebDriverFactory.getDriver(WebDriverFactory.java:46) ~[test-classes/:?]
	at com.wa.ModifiedOnline.BaseTestCases.BaseTest.commonSetup(BaseTest.java:30) ~[test-classes/:?]
	at Cucumber.StepDefinition.StepDefinitionLogin.setupbrowser(StepDefinitionLogin.java:25) ~[test-classes/:?]
	at jdk.internal.reflect.NativeMethodAccessorImpl.invoke0(Native Method) ~[?:?]
	at jdk.internal.reflect.NativeMethodAccessorImpl.invoke(NativeMethodAccessorImpl.java:77) ~[?:?]
	at jdk.internal.reflect.DelegatingMethodAccessorImpl.invoke(DelegatingMethodAccessorImpl.java:43) ~[?:?]
	at java.lang.reflect.Method.invoke(Method.java:568) ~[?:?]
	at io.cucumber.java.Invoker.doInvoke(Invoker.java:66) ~[cucumber-java-7.11.2.jar:7.11.2]
	at io.cucumber.java.Invoker.invoke(Invoker.java:24) ~[cucumber-java-7.11.2.jar:7.11.2]
	at io.cucumber.java.AbstractGlueDefinition.invokeMethod(AbstractGlueDefinition.java:47) ~[cucumber-java-7.11.2.jar:7.11.2]
	at io.cucumber.java.JavaHookDefinition.execute(JavaHookDefinition.java:64) ~[cucumber-java-7.11.2.jar:7.11.2]
	at io.cucumber.core.runner.CoreHookDefinition.execute(CoreHookDefinition.java:46) ~[cucumber-core-7.11.2.jar:7.11.2]
	at io.cucumber.core.runner.HookDefinitionMatch.runStep(HookDefinitionMatch.java:21) ~[cucumber-core-7.11.2.jar:7.11.2]
	at io.cucumber.core.runner.ExecutionMode$1.execute(ExecutionMode.java:10) ~[cucumber-core-7.11.2.jar:7.11.2]
	at io.cucumber.core.runner.TestStep.executeStep(TestStep.java:84) ~[cucumber-core-7.11.2.jar:7.11.2]
	at io.cucumber.core.runner.TestStep.run(TestStep.java:56) ~[cucumber-core-7.11.2.jar:7.11.2]
	at io.cucumber.core.runner.TestCase.run(TestCase.java:78) ~[cucumber-core-7.11.2.jar:7.11.2]
	at io.cucumber.core.runner.Runner.runPickle(Runner.java:75) ~[cucumber-core-7.11.2.jar:7.11.2]
	at io.cucumber.testng.TestNGCucumberRunner.lambda$runScenario$1(TestNGCucumberRunner.java:132) ~[cucumber-testng-7.11.2.jar:7.11.2]
	at io.cucumber.core.runtime.CucumberExecutionContext.lambda$runTestCase$5(CucumberExecutionContext.java:130) ~[cucumber-core-7.11.2.jar:7.11.2]
	at io.cucumber.core.runtime.RethrowingThrowableCollector.executeAndThrow(RethrowingThrowableCollector.java:23) ~[cucumber-core-7.11.2.jar:7.11.2]
	at io.cucumber.core.runtime.CucumberExecutionContext.runTestCase(CucumberExecutionContext.java:130) ~[cucumber-core-7.11.2.jar:7.11.2]
	at io.cucumber.testng.TestNGCucumberRunner.runScenario(TestNGCucumberRunner.java:129) ~[cucumber-testng-7.11.2.jar:7.11.2]
	at io.cucumber.testng.AbstractTestNGCucumberTests.runScenario(AbstractTestNGCucumberTests.java:35) ~[cucumber-testng-7.11.2.jar:7.11.2]
	at jdk.internal.reflect.NativeMethodAccessorImpl.invoke0(Native Method) ~[?:?]
	at jdk.internal.reflect.NativeMethodAccessorImpl.invoke(NativeMethodAccessorImpl.java:77) ~[?:?]
	at jdk.internal.reflect.DelegatingMethodAccessorImpl.invoke(DelegatingMethodAccessorImpl.java:43) ~[?:?]
	at java.lang.reflect.Method.invoke(Method.java:568) ~[?:?]
	at org.testng.internal.MethodInvocationHelper.invokeMethod(MethodInvocationHelper.java:133) ~[org.testng_7.4.0.r202105021533.jar:7.4.0]
	at org.testng.internal.TestInvoker.invokeMethod(TestInvoker.java:598) ~[org.testng_7.4.0.r202105021533.jar:7.4.0]
	at org.testng.internal.TestInvoker.invokeTestMethod(TestInvoker.java:173) ~[org.testng_7.4.0.r202105021533.jar:7.4.0]
	at org.testng.internal.MethodRunner.runInSequence(MethodRunner.java:46) ~[org.testng_7.4.0.r202105021533.jar:7.4.0]
	at org.testng.internal.TestInvoker$MethodInvocationAgent.invoke(TestInvoker.java:824) ~[org.testng_7.4.0.r202105021533.jar:7.4.0]
	at org.testng.internal.TestInvoker.invokeTestMethods(TestInvoker.java:146) ~[org.testng_7.4.0.r202105021533.jar:7.4.0]
	at org.testng.internal.TestMethodWorker.invokeTestMethods(TestMethodWorker.java:146) ~[org.testng_7.4.0.r202105021533.jar:7.4.0]
	at org.testng.internal.TestMethodWorker.run(TestMethodWorker.java:128) ~[org.testng_7.4.0.r202105021533.jar:7.4.0]
	at java.util.ArrayList.forEach(ArrayList.java:1511) ~[?:?]
	at org.testng.TestRunner.privateRun(TestRunner.java:794) ~[org.testng_7.4.0.r202105021533.jar:7.4.0]
	at org.testng.TestRunner.run(TestRunner.java:596) ~[org.testng_7.4.0.r202105021533.jar:7.4.0]
	at org.testng.SuiteRunner.runTest(SuiteRunner.java:377) ~[org.testng_7.4.0.r202105021533.jar:7.4.0]
	at org.testng.SuiteRunner.runSequentially(SuiteRunner.java:371) ~[org.testng_7.4.0.r202105021533.jar:7.4.0]
	at org.testng.SuiteRunner.privateRun(SuiteRunner.java:332) ~[org.testng_7.4.0.r202105021533.jar:7.4.0]
	at org.testng.SuiteRunner.run(SuiteRunner.java:276) ~[org.testng_7.4.0.r202105021533.jar:7.4.0]
	at org.testng.SuiteRunnerWorker.runSuite(SuiteRunnerWorker.java:53) ~[org.testng_7.4.0.r202105021533.jar:7.4.0]
	at org.testng.SuiteRunnerWorker.run(SuiteRunnerWorker.java:96) ~[org.testng_7.4.0.r202105021533.jar:7.4.0]
	at org.testng.TestNG.runSuitesSequentially(TestNG.java:1212) ~[org.testng_7.4.0.r202105021533.jar:7.4.0]
	at org.testng.TestNG.runSuitesLocally(TestNG.java:1134) ~[org.testng_7.4.0.r202105021533.jar:7.4.0]
	at org.testng.TestNG.runSuites(TestNG.java:1063) ~[org.testng_7.4.0.r202105021533.jar:7.4.0]
	at org.testng.TestNG.run(TestNG.java:1031) ~[org.testng_7.4.0.r202105021533.jar:7.4.0]
	at org.testng.remote.AbstractRemoteTestNG.run(AbstractRemoteTestNG.java:115) ~[testng-remote.jar:?]
	at org.testng.remote.RemoteTestNG.initAndRun(RemoteTestNG.java:251) ~[testng-remote.jar:?]
	at org.testng.remote.RemoteTestNG.main(RemoteTestNG.java:77) ~[testng-remote.jar:?]
23:42:38.448 DEBUG internal.PlatformDependent0 -java.nio.DirectByteBuffer.<init>(long, int): unavailable
23:42:38.448 DEBUG internal.PlatformDependent -sun.misc.Unsafe: available
23:42:38.449 DEBUG internal.PlatformDependent -maxDirectMemory: 1574961152 bytes (maybe)
23:42:38.449 DEBUG internal.PlatformDependent --Dio.netty.tmpdir: C:\Users\LENOVO\AppData\Local\Temp (java.io.tmpdir)
23:42:38.449 DEBUG internal.PlatformDependent --Dio.netty.bitMode: 64 (sun.arch.data.model)
23:42:38.450 DEBUG internal.PlatformDependent -Platform: Windows
23:42:38.451 DEBUG internal.PlatformDependent --Dio.netty.maxDirectMemory: -1 bytes
23:42:38.451 DEBUG internal.PlatformDependent --Dio.netty.uninitializedArrayAllocationThreshold: -1
23:42:38.453 DEBUG internal.CleanerJava9 -java.nio.ByteBuffer.cleaner(): available
23:42:38.453 DEBUG internal.PlatformDependent --Dio.netty.noPreferDirect: false
23:42:38.465 DEBUG internal.PlatformDependent -org.jctools-core.MpscChunkedArrayQueue: available
23:42:38.490 DEBUG internal.InternalThreadLocalMap --Dio.netty.threadLocalMap.stringBuilder.initialSize: 1024
23:42:38.490 DEBUG internal.InternalThreadLocalMap --Dio.netty.threadLocalMap.stringBuilder.maxSize: 4096
23:42:38.731 DEBUG ssl.JdkSslContext -Default protocols (JDK): [TLSv1.3, TLSv1.2] 
23:42:38.732 DEBUG ssl.JdkSslContext -Default cipher suites (JDK): [TLS_ECDHE_ECDSA_WITH_AES_256_GCM_SHA384, TLS_ECDHE_ECDSA_WITH_AES_128_GCM_SHA256, TLS_ECDHE_RSA_WITH_AES_128_GCM_SHA256, TLS_ECDHE_RSA_WITH_AES_256_GCM_SHA384, TLS_ECDHE_RSA_WITH_AES_128_CBC_SHA, TLS_ECDHE_RSA_WITH_AES_256_CBC_SHA, TLS_RSA_WITH_AES_128_GCM_SHA256, TLS_RSA_WITH_AES_128_CBC_SHA, TLS_RSA_WITH_AES_256_CBC_SHA, TLS_AES_128_GCM_SHA256, TLS_AES_256_GCM_SHA384]
23:42:38.770 DEBUG channel.MultithreadEventLoopGroup --Dio.netty.eventLoopThreads: 24
23:42:38.789 DEBUG nio.NioEventLoop --Dio.netty.noKeySetOptimization: false
23:42:38.789 DEBUG nio.NioEventLoop --Dio.netty.selectorAutoRebuildThreshold: 512
23:42:38.827 TRACE nio.NioEventLoop -instrumented a special java.util.Set into: sun.nio.ch.WEPollSelectorImpl@5e922647
23:42:38.831 TRACE nio.NioEventLoop -instrumented a special java.util.Set into: sun.nio.ch.WEPollSelectorImpl@6504a875
23:42:38.833 TRACE nio.NioEventLoop -instrumented a special java.util.Set into: sun.nio.ch.WEPollSelectorImpl@35e26d05
23:42:38.835 TRACE nio.NioEventLoop -instrumented a special java.util.Set into: sun.nio.ch.WEPollSelectorImpl@29fa6b65
23:42:38.838 TRACE nio.NioEventLoop -instrumented a special java.util.Set into: sun.nio.ch.WEPollSelectorImpl@7c72ecc
23:42:38.840 TRACE nio.NioEventLoop -instrumented a special java.util.Set into: sun.nio.ch.WEPollSelectorImpl@47406941
23:42:38.842 TRACE nio.NioEventLoop -instrumented a special java.util.Set into: sun.nio.ch.WEPollSelectorImpl@61ecbee9
23:42:38.844 TRACE nio.NioEventLoop -instrumented a special java.util.Set into: sun.nio.ch.WEPollSelectorImpl@1bb740f2
23:42:38.846 TRACE nio.NioEventLoop -instrumented a special java.util.Set into: sun.nio.ch.WEPollSelectorImpl@2538bc06
23:42:38.848 TRACE nio.NioEventLoop -instrumented a special java.util.Set into: sun.nio.ch.WEPollSelectorImpl@61f6d381
23:42:38.850 TRACE nio.NioEventLoop -instrumented a special java.util.Set into: sun.nio.ch.WEPollSelectorImpl@656922a0
23:42:38.852 TRACE nio.NioEventLoop -instrumented a special java.util.Set into: sun.nio.ch.WEPollSelectorImpl@44784e2f
23:42:38.854 TRACE nio.NioEventLoop -instrumented a special java.util.Set into: sun.nio.ch.WEPollSelectorImpl@2440022a
23:42:38.856 TRACE nio.NioEventLoop -instrumented a special java.util.Set into: sun.nio.ch.WEPollSelectorImpl@737db7f8
23:42:38.858 TRACE nio.NioEventLoop -instrumented a special java.util.Set into: sun.nio.ch.WEPollSelectorImpl@5f2de715
23:42:38.860 TRACE nio.NioEventLoop -instrumented a special java.util.Set into: sun.nio.ch.WEPollSelectorImpl@5922d3e9
23:42:38.862 TRACE nio.NioEventLoop -instrumented a special java.util.Set into: sun.nio.ch.WEPollSelectorImpl@7d57dbb5
23:42:38.864 TRACE nio.NioEventLoop -instrumented a special java.util.Set into: sun.nio.ch.WEPollSelectorImpl@630b6190
23:42:38.866 TRACE nio.NioEventLoop -instrumented a special java.util.Set into: sun.nio.ch.WEPollSelectorImpl@532e27ab
23:42:38.868 TRACE nio.NioEventLoop -instrumented a special java.util.Set into: sun.nio.ch.WEPollSelectorImpl@1cdc1bbc
23:42:38.870 TRACE nio.NioEventLoop -instrumented a special java.util.Set into: sun.nio.ch.WEPollSelectorImpl@5f95f1e1
23:42:38.872 TRACE nio.NioEventLoop -instrumented a special java.util.Set into: sun.nio.ch.WEPollSelectorImpl@672a1c62
23:42:38.874 TRACE nio.NioEventLoop -instrumented a special java.util.Set into: sun.nio.ch.WEPollSelectorImpl@459b6c53
23:42:38.877 TRACE nio.NioEventLoop -instrumented a special java.util.Set into: sun.nio.ch.WEPollSelectorImpl@39e69ea7
23:42:38.901 DEBUG buffer.PooledByteBufAllocator --Dio.netty.allocator.numHeapArenas: 24
23:42:38.901 DEBUG buffer.PooledByteBufAllocator --Dio.netty.allocator.numDirectArenas: 24
23:42:38.901 DEBUG buffer.PooledByteBufAllocator --Dio.netty.allocator.pageSize: 8192
23:42:38.902 DEBUG buffer.PooledByteBufAllocator --Dio.netty.allocator.maxOrder: 9
23:42:38.902 DEBUG buffer.PooledByteBufAllocator --Dio.netty.allocator.chunkSize: 4194304
23:42:38.902 DEBUG buffer.PooledByteBufAllocator --Dio.netty.allocator.smallCacheSize: 256
23:42:38.902 DEBUG buffer.PooledByteBufAllocator --Dio.netty.allocator.normalCacheSize: 64
23:42:38.902 DEBUG buffer.PooledByteBufAllocator --Dio.netty.allocator.maxCachedBufferCapacity: 32768
23:42:38.902 DEBUG buffer.PooledByteBufAllocator --Dio.netty.allocator.cacheTrimInterval: 8192
23:42:38.902 DEBUG buffer.PooledByteBufAllocator --Dio.netty.allocator.cacheTrimIntervalMillis: 0
23:42:38.902 DEBUG buffer.PooledByteBufAllocator --Dio.netty.allocator.useCacheForAllThreads: false
23:42:38.902 DEBUG buffer.PooledByteBufAllocator --Dio.netty.allocator.maxCachedByteBuffersPerChunk: 1023
23:42:38.917 DEBUG buffer.ByteBufUtil --Dio.netty.allocator.type: pooled
23:42:38.917 DEBUG buffer.ByteBufUtil --Dio.netty.threadLocalDirectBufferSize: 0
23:42:38.917 DEBUG buffer.ByteBufUtil --Dio.netty.maxThreadLocalCharBufferSize: 16384
23:42:39.345 DEBUG channel.DefaultChannelId --Dio.netty.processId: 26252 (auto-detected)
23:42:39.348 DEBUG util.NetUtil --Djava.net.preferIPv4Stack: false
23:42:39.348 DEBUG util.NetUtil --Djava.net.preferIPv6Addresses: false
23:42:39.364 DEBUG util.NetUtilInitializations -Loopback interface: lo (Software Loopback Interface 1, 127.0.0.1)
23:42:39.365 DEBUG util.NetUtil -Failed to get SOMAXCONN from sysctl and file \proc\sys\net\core\somaxconn. Default: 200
23:42:39.382 DEBUG channel.DefaultChannelId --Dio.netty.machineId: 00:45:e2:ff:fe:82:f7:93 (auto-detected)
23:42:39.444 DEBUG buffer.AbstractByteBuf --Dio.netty.buffer.checkAccessible: true
23:42:39.445 DEBUG buffer.AbstractByteBuf --Dio.netty.buffer.checkBounds: true
23:42:39.445 DEBUG util.ResourceLeakDetectorFactory -Loaded default ResourceLeakDetector: io.netty.util.ResourceLeakDetector@6d16e886
23:42:39.469 DEBUG util.Recycler --Dio.netty.recycler.maxCapacityPerThread: 4096
23:42:39.469 DEBUG util.Recycler --Dio.netty.recycler.ratio: 8
23:42:39.470 DEBUG util.Recycler --Dio.netty.recycler.chunkSize: 32
23:42:39.470 DEBUG util.Recycler --Dio.netty.recycler.blocking: false
23:42:40.107 DEBUG compression.Brotli -brotli4j not in the classpath; Brotli support will be unavailable.
23:42:40.257 DEBUG internal.ThreadLocalRandom --Dio.netty.initialSeedUniquifier: 0x2b9ff157d3645586
23:42:43.436 INFO  BaseClasses.CustomDriver -waiting for max:: 2 seconds for element to visible
23:42:43.474 INFO  BaseClasses.CustomDriver -element is visible on webpage
23:42:43.746 ERROR BaseClasses.CustomDriver -element not found with ::by.cssSelector=>a[class='nav-link nav-profile-link dropdown-toggle'] img[class='rounded-circle']
23:42:43.750 ERROR BaseClasses.CustomDriver -element not appeared on webpage
23:42:43.773 TRACE websocketx.WebSocket08FrameEncoder -Encoding WebSocket Frame opCode=8 length=26
23:44:03.070 INFO  BaseTestCases.WebDriverFactory -driver binary ::C:\Users\LENOVO\pageobject\ModidiedOnline\drivers\chromedriver.exe
23:44:03.226 DEBUG logging.InternalLoggerFactory -Using Log4J2 as the default logging framework
23:44:03.233 DEBUG util.ResourceLeakDetector --Dio.netty.leakDetection.level: simple
23:44:03.233 DEBUG util.ResourceLeakDetector --Dio.netty.leakDetection.targetRecords: 4
23:44:03.240 DEBUG util.ResourceLeakDetectorFactory -Loaded default ResourceLeakDetector: io.netty.util.ResourceLeakDetector@5a237731
23:44:03.266 DEBUG internal.PlatformDependent0 --Dio.netty.noUnsafe: false
23:44:03.266 DEBUG internal.PlatformDependent0 -Java version: 17
23:44:03.267 DEBUG internal.PlatformDependent0 -sun.misc.Unsafe.theUnsafe: available
23:44:03.268 DEBUG internal.PlatformDependent0 -sun.misc.Unsafe.copyMemory: available
23:44:03.269 DEBUG internal.PlatformDependent0 -sun.misc.Unsafe.storeFence: available
23:44:03.270 DEBUG internal.PlatformDependent0 -java.nio.Buffer.address: available
23:44:03.271 DEBUG internal.PlatformDependent0 -direct buffer constructor: unavailable
java.lang.UnsupportedOperationException: Reflective setAccessible(true) disabled
	at io.netty.util.internal.ReflectionUtil.trySetAccessible(ReflectionUtil.java:31) ~[netty-common-4.1.84.Final.jar:4.1.84.Final]
	at io.netty.util.internal.PlatformDependent0$5.run(PlatformDependent0.java:288) ~[netty-common-4.1.84.Final.jar:4.1.84.Final]
	at java.security.AccessController.doPrivileged(AccessController.java:318) ~[?:?]
	at io.netty.util.internal.PlatformDependent0.<clinit>(PlatformDependent0.java:282) ~[netty-common-4.1.84.Final.jar:4.1.84.Final]
	at io.netty.util.internal.PlatformDependent.isAndroid(PlatformDependent.java:333) ~[netty-common-4.1.84.Final.jar:4.1.84.Final]
	at io.netty.util.internal.PlatformDependent.<clinit>(PlatformDependent.java:88) ~[netty-common-4.1.84.Final.jar:4.1.84.Final]
	at io.netty.util.HashedWheelTimer.<init>(HashedWheelTimer.java:114) ~[netty-common-4.1.84.Final.jar:4.1.84.Final]
	at io.netty.util.HashedWheelTimer.<init>(HashedWheelTimer.java:251) ~[netty-common-4.1.84.Final.jar:4.1.84.Final]
	at io.netty.util.HashedWheelTimer.<init>(HashedWheelTimer.java:224) ~[netty-common-4.1.84.Final.jar:4.1.84.Final]
	at io.netty.util.HashedWheelTimer.<init>(HashedWheelTimer.java:203) ~[netty-common-4.1.84.Final.jar:4.1.84.Final]
	at org.asynchttpclient.DefaultAsyncHttpClient.newNettyTimer(DefaultAsyncHttpClient.java:111) ~[async-http-client-2.12.3.jar:?]
	at org.asynchttpclient.DefaultAsyncHttpClient.<init>(DefaultAsyncHttpClient.java:90) ~[async-http-client-2.12.3.jar:?]
	at org.asynchttpclient.Dsl.asyncHttpClient(Dsl.java:32) ~[async-http-client-2.12.3.jar:?]
	at org.openqa.selenium.remote.http.netty.NettyClient.createHttpClient(NettyClient.java:94) ~[selenium-remote-driver-4.7.2.jar:?]
	at org.openqa.selenium.remote.http.netty.NettyClient.<clinit>(NettyClient.java:47) ~[selenium-remote-driver-4.7.2.jar:?]
	at org.openqa.selenium.remote.http.netty.NettyClient$Factory.createClient(NettyClient.java:135) ~[selenium-remote-driver-4.7.2.jar:?]
	at org.openqa.selenium.remote.HttpCommandExecutor.<init>(HttpCommandExecutor.java:107) ~[selenium-remote-driver-4.7.2.jar:?]
	at org.openqa.selenium.remote.HttpCommandExecutor.<init>(HttpCommandExecutor.java:94) ~[selenium-remote-driver-4.7.2.jar:?]
	at org.openqa.selenium.remote.HttpCommandExecutor.<init>(HttpCommandExecutor.java:85) ~[selenium-remote-driver-4.7.2.jar:?]
	at org.openqa.selenium.remote.service.DriverCommandExecutor.<init>(DriverCommandExecutor.java:80) ~[selenium-remote-driver-4.7.2.jar:?]
	at org.openqa.selenium.chromium.ChromiumDriverCommandExecutor.<init>(ChromiumDriverCommandExecutor.java:35) ~[selenium-chromium-driver-4.7.2.jar:?]
	at org.openqa.selenium.chrome.ChromeDriver$ChromeDriverCommandExecutor.<init>(ChromeDriver.java:94) ~[selenium-chrome-driver-4.7.2.jar:?]
	at org.openqa.selenium.chrome.ChromeDriver.<init>(ChromeDriver.java:82) ~[selenium-chrome-driver-4.7.2.jar:?]
	at org.openqa.selenium.chrome.ChromeDriver.<init>(ChromeDriver.java:71) ~[selenium-chrome-driver-4.7.2.jar:?]
	at com.wa.ModifiedOnline.BaseTestCases.WebDriverFactory.getDriver(WebDriverFactory.java:46) ~[test-classes/:?]
	at com.wa.ModifiedOnline.BaseTestCases.BaseTest.commonSetup(BaseTest.java:30) ~[test-classes/:?]
	at Cucumber.StepDefinition.StepDefinitionLogin.setupbrowser(StepDefinitionLogin.java:25) ~[test-classes/:?]
	at jdk.internal.reflect.NativeMethodAccessorImpl.invoke0(Native Method) ~[?:?]
	at jdk.internal.reflect.NativeMethodAccessorImpl.invoke(NativeMethodAccessorImpl.java:77) ~[?:?]
	at jdk.internal.reflect.DelegatingMethodAccessorImpl.invoke(DelegatingMethodAccessorImpl.java:43) ~[?:?]
	at java.lang.reflect.Method.invoke(Method.java:568) ~[?:?]
	at io.cucumber.java.Invoker.doInvoke(Invoker.java:66) ~[cucumber-java-7.11.2.jar:7.11.2]
	at io.cucumber.java.Invoker.invoke(Invoker.java:24) ~[cucumber-java-7.11.2.jar:7.11.2]
	at io.cucumber.java.AbstractGlueDefinition.invokeMethod(AbstractGlueDefinition.java:47) ~[cucumber-java-7.11.2.jar:7.11.2]
	at io.cucumber.java.JavaHookDefinition.execute(JavaHookDefinition.java:64) ~[cucumber-java-7.11.2.jar:7.11.2]
	at io.cucumber.core.runner.CoreHookDefinition.execute(CoreHookDefinition.java:46) ~[cucumber-core-7.11.2.jar:7.11.2]
	at io.cucumber.core.runner.HookDefinitionMatch.runStep(HookDefinitionMatch.java:21) ~[cucumber-core-7.11.2.jar:7.11.2]
	at io.cucumber.core.runner.ExecutionMode$1.execute(ExecutionMode.java:10) ~[cucumber-core-7.11.2.jar:7.11.2]
	at io.cucumber.core.runner.TestStep.executeStep(TestStep.java:84) ~[cucumber-core-7.11.2.jar:7.11.2]
	at io.cucumber.core.runner.TestStep.run(TestStep.java:56) ~[cucumber-core-7.11.2.jar:7.11.2]
	at io.cucumber.core.runner.TestCase.run(TestCase.java:78) ~[cucumber-core-7.11.2.jar:7.11.2]
	at io.cucumber.core.runner.Runner.runPickle(Runner.java:75) ~[cucumber-core-7.11.2.jar:7.11.2]
	at io.cucumber.testng.TestNGCucumberRunner.lambda$runScenario$1(TestNGCucumberRunner.java:132) ~[cucumber-testng-7.11.2.jar:7.11.2]
	at io.cucumber.core.runtime.CucumberExecutionContext.lambda$runTestCase$5(CucumberExecutionContext.java:130) ~[cucumber-core-7.11.2.jar:7.11.2]
	at io.cucumber.core.runtime.RethrowingThrowableCollector.executeAndThrow(RethrowingThrowableCollector.java:23) ~[cucumber-core-7.11.2.jar:7.11.2]
	at io.cucumber.core.runtime.CucumberExecutionContext.runTestCase(CucumberExecutionContext.java:130) ~[cucumber-core-7.11.2.jar:7.11.2]
	at io.cucumber.testng.TestNGCucumberRunner.runScenario(TestNGCucumberRunner.java:129) ~[cucumber-testng-7.11.2.jar:7.11.2]
	at io.cucumber.testng.AbstractTestNGCucumberTests.runScenario(AbstractTestNGCucumberTests.java:35) ~[cucumber-testng-7.11.2.jar:7.11.2]
	at jdk.internal.reflect.NativeMethodAccessorImpl.invoke0(Native Method) ~[?:?]
	at jdk.internal.reflect.NativeMethodAccessorImpl.invoke(NativeMethodAccessorImpl.java:77) ~[?:?]
	at jdk.internal.reflect.DelegatingMethodAccessorImpl.invoke(DelegatingMethodAccessorImpl.java:43) ~[?:?]
	at java.lang.reflect.Method.invoke(Method.java:568) ~[?:?]
	at org.testng.internal.MethodInvocationHelper.invokeMethod(MethodInvocationHelper.java:133) ~[org.testng_7.4.0.r202105021533.jar:7.4.0]
	at org.testng.internal.TestInvoker.invokeMethod(TestInvoker.java:598) ~[org.testng_7.4.0.r202105021533.jar:7.4.0]
	at org.testng.internal.TestInvoker.invokeTestMethod(TestInvoker.java:173) ~[org.testng_7.4.0.r202105021533.jar:7.4.0]
	at org.testng.internal.MethodRunner.runInSequence(MethodRunner.java:46) ~[org.testng_7.4.0.r202105021533.jar:7.4.0]
	at org.testng.internal.TestInvoker$MethodInvocationAgent.invoke(TestInvoker.java:824) ~[org.testng_7.4.0.r202105021533.jar:7.4.0]
	at org.testng.internal.TestInvoker.invokeTestMethods(TestInvoker.java:146) ~[org.testng_7.4.0.r202105021533.jar:7.4.0]
	at org.testng.internal.TestMethodWorker.invokeTestMethods(TestMethodWorker.java:146) ~[org.testng_7.4.0.r202105021533.jar:7.4.0]
	at org.testng.internal.TestMethodWorker.run(TestMethodWorker.java:128) ~[org.testng_7.4.0.r202105021533.jar:7.4.0]
	at java.util.ArrayList.forEach(ArrayList.java:1511) ~[?:?]
	at org.testng.TestRunner.privateRun(TestRunner.java:794) ~[org.testng_7.4.0.r202105021533.jar:7.4.0]
	at org.testng.TestRunner.run(TestRunner.java:596) ~[org.testng_7.4.0.r202105021533.jar:7.4.0]
	at org.testng.SuiteRunner.runTest(SuiteRunner.java:377) ~[org.testng_7.4.0.r202105021533.jar:7.4.0]
	at org.testng.SuiteRunner.runSequentially(SuiteRunner.java:371) ~[org.testng_7.4.0.r202105021533.jar:7.4.0]
	at org.testng.SuiteRunner.privateRun(SuiteRunner.java:332) ~[org.testng_7.4.0.r202105021533.jar:7.4.0]
	at org.testng.SuiteRunner.run(SuiteRunner.java:276) ~[org.testng_7.4.0.r202105021533.jar:7.4.0]
	at org.testng.SuiteRunnerWorker.runSuite(SuiteRunnerWorker.java:53) ~[org.testng_7.4.0.r202105021533.jar:7.4.0]
	at org.testng.SuiteRunnerWorker.run(SuiteRunnerWorker.java:96) ~[org.testng_7.4.0.r202105021533.jar:7.4.0]
	at org.testng.TestNG.runSuitesSequentially(TestNG.java:1212) ~[org.testng_7.4.0.r202105021533.jar:7.4.0]
	at org.testng.TestNG.runSuitesLocally(TestNG.java:1134) ~[org.testng_7.4.0.r202105021533.jar:7.4.0]
	at org.testng.TestNG.runSuites(TestNG.java:1063) ~[org.testng_7.4.0.r202105021533.jar:7.4.0]
	at org.testng.TestNG.run(TestNG.java:1031) ~[org.testng_7.4.0.r202105021533.jar:7.4.0]
	at org.testng.remote.AbstractRemoteTestNG.run(AbstractRemoteTestNG.java:115) ~[testng-remote.jar:?]
	at org.testng.remote.RemoteTestNG.initAndRun(RemoteTestNG.java:251) ~[testng-remote.jar:?]
	at org.testng.remote.RemoteTestNG.main(RemoteTestNG.java:77) ~[testng-remote.jar:?]
23:44:03.284 DEBUG internal.PlatformDependent0 -java.nio.Bits.unaligned: available, true
23:44:03.286 DEBUG internal.PlatformDependent0 -jdk.internal.misc.Unsafe.allocateUninitializedArray(int): unavailable
java.lang.IllegalAccessException: class io.netty.util.internal.PlatformDependent0$7 cannot access class jdk.internal.misc.Unsafe (in module java.base) because module java.base does not export jdk.internal.misc to unnamed module @9f70c54
	at jdk.internal.reflect.Reflection.newIllegalAccessException(Reflection.java:392) ~[?:?]
	at java.lang.reflect.AccessibleObject.checkAccess(AccessibleObject.java:674) ~[?:?]
	at java.lang.reflect.Method.invoke(Method.java:560) ~[?:?]
	at io.netty.util.internal.PlatformDependent0$7.run(PlatformDependent0.java:410) ~[netty-common-4.1.84.Final.jar:4.1.84.Final]
	at java.security.AccessController.doPrivileged(AccessController.java:318) ~[?:?]
	at io.netty.util.internal.PlatformDependent0.<clinit>(PlatformDependent0.java:401) ~[netty-common-4.1.84.Final.jar:4.1.84.Final]
	at io.netty.util.internal.PlatformDependent.isAndroid(PlatformDependent.java:333) ~[netty-common-4.1.84.Final.jar:4.1.84.Final]
	at io.netty.util.internal.PlatformDependent.<clinit>(PlatformDependent.java:88) ~[netty-common-4.1.84.Final.jar:4.1.84.Final]
	at io.netty.util.HashedWheelTimer.<init>(HashedWheelTimer.java:114) ~[netty-common-4.1.84.Final.jar:4.1.84.Final]
	at io.netty.util.HashedWheelTimer.<init>(HashedWheelTimer.java:251) ~[netty-common-4.1.84.Final.jar:4.1.84.Final]
	at io.netty.util.HashedWheelTimer.<init>(HashedWheelTimer.java:224) ~[netty-common-4.1.84.Final.jar:4.1.84.Final]
	at io.netty.util.HashedWheelTimer.<init>(HashedWheelTimer.java:203) ~[netty-common-4.1.84.Final.jar:4.1.84.Final]
	at org.asynchttpclient.DefaultAsyncHttpClient.newNettyTimer(DefaultAsyncHttpClient.java:111) ~[async-http-client-2.12.3.jar:?]
	at org.asynchttpclient.DefaultAsyncHttpClient.<init>(DefaultAsyncHttpClient.java:90) ~[async-http-client-2.12.3.jar:?]
	at org.asynchttpclient.Dsl.asyncHttpClient(Dsl.java:32) ~[async-http-client-2.12.3.jar:?]
	at org.openqa.selenium.remote.http.netty.NettyClient.createHttpClient(NettyClient.java:94) ~[selenium-remote-driver-4.7.2.jar:?]
	at org.openqa.selenium.remote.http.netty.NettyClient.<clinit>(NettyClient.java:47) ~[selenium-remote-driver-4.7.2.jar:?]
	at org.openqa.selenium.remote.http.netty.NettyClient$Factory.createClient(NettyClient.java:135) ~[selenium-remote-driver-4.7.2.jar:?]
	at org.openqa.selenium.remote.HttpCommandExecutor.<init>(HttpCommandExecutor.java:107) ~[selenium-remote-driver-4.7.2.jar:?]
	at org.openqa.selenium.remote.HttpCommandExecutor.<init>(HttpCommandExecutor.java:94) ~[selenium-remote-driver-4.7.2.jar:?]
	at org.openqa.selenium.remote.HttpCommandExecutor.<init>(HttpCommandExecutor.java:85) ~[selenium-remote-driver-4.7.2.jar:?]
	at org.openqa.selenium.remote.service.DriverCommandExecutor.<init>(DriverCommandExecutor.java:80) ~[selenium-remote-driver-4.7.2.jar:?]
	at org.openqa.selenium.chromium.ChromiumDriverCommandExecutor.<init>(ChromiumDriverCommandExecutor.java:35) ~[selenium-chromium-driver-4.7.2.jar:?]
	at org.openqa.selenium.chrome.ChromeDriver$ChromeDriverCommandExecutor.<init>(ChromeDriver.java:94) ~[selenium-chrome-driver-4.7.2.jar:?]
	at org.openqa.selenium.chrome.ChromeDriver.<init>(ChromeDriver.java:82) ~[selenium-chrome-driver-4.7.2.jar:?]
	at org.openqa.selenium.chrome.ChromeDriver.<init>(ChromeDriver.java:71) ~[selenium-chrome-driver-4.7.2.jar:?]
	at com.wa.ModifiedOnline.BaseTestCases.WebDriverFactory.getDriver(WebDriverFactory.java:46) ~[test-classes/:?]
	at com.wa.ModifiedOnline.BaseTestCases.BaseTest.commonSetup(BaseTest.java:30) ~[test-classes/:?]
	at Cucumber.StepDefinition.StepDefinitionLogin.setupbrowser(StepDefinitionLogin.java:25) ~[test-classes/:?]
	at jdk.internal.reflect.NativeMethodAccessorImpl.invoke0(Native Method) ~[?:?]
	at jdk.internal.reflect.NativeMethodAccessorImpl.invoke(NativeMethodAccessorImpl.java:77) ~[?:?]
	at jdk.internal.reflect.DelegatingMethodAccessorImpl.invoke(DelegatingMethodAccessorImpl.java:43) ~[?:?]
	at java.lang.reflect.Method.invoke(Method.java:568) ~[?:?]
	at io.cucumber.java.Invoker.doInvoke(Invoker.java:66) ~[cucumber-java-7.11.2.jar:7.11.2]
	at io.cucumber.java.Invoker.invoke(Invoker.java:24) ~[cucumber-java-7.11.2.jar:7.11.2]
	at io.cucumber.java.AbstractGlueDefinition.invokeMethod(AbstractGlueDefinition.java:47) ~[cucumber-java-7.11.2.jar:7.11.2]
	at io.cucumber.java.JavaHookDefinition.execute(JavaHookDefinition.java:64) ~[cucumber-java-7.11.2.jar:7.11.2]
	at io.cucumber.core.runner.CoreHookDefinition.execute(CoreHookDefinition.java:46) ~[cucumber-core-7.11.2.jar:7.11.2]
	at io.cucumber.core.runner.HookDefinitionMatch.runStep(HookDefinitionMatch.java:21) ~[cucumber-core-7.11.2.jar:7.11.2]
	at io.cucumber.core.runner.ExecutionMode$1.execute(ExecutionMode.java:10) ~[cucumber-core-7.11.2.jar:7.11.2]
	at io.cucumber.core.runner.TestStep.executeStep(TestStep.java:84) ~[cucumber-core-7.11.2.jar:7.11.2]
	at io.cucumber.core.runner.TestStep.run(TestStep.java:56) ~[cucumber-core-7.11.2.jar:7.11.2]
	at io.cucumber.core.runner.TestCase.run(TestCase.java:78) ~[cucumber-core-7.11.2.jar:7.11.2]
	at io.cucumber.core.runner.Runner.runPickle(Runner.java:75) ~[cucumber-core-7.11.2.jar:7.11.2]
	at io.cucumber.testng.TestNGCucumberRunner.lambda$runScenario$1(TestNGCucumberRunner.java:132) ~[cucumber-testng-7.11.2.jar:7.11.2]
	at io.cucumber.core.runtime.CucumberExecutionContext.lambda$runTestCase$5(CucumberExecutionContext.java:130) ~[cucumber-core-7.11.2.jar:7.11.2]
	at io.cucumber.core.runtime.RethrowingThrowableCollector.executeAndThrow(RethrowingThrowableCollector.java:23) ~[cucumber-core-7.11.2.jar:7.11.2]
	at io.cucumber.core.runtime.CucumberExecutionContext.runTestCase(CucumberExecutionContext.java:130) ~[cucumber-core-7.11.2.jar:7.11.2]
	at io.cucumber.testng.TestNGCucumberRunner.runScenario(TestNGCucumberRunner.java:129) ~[cucumber-testng-7.11.2.jar:7.11.2]
	at io.cucumber.testng.AbstractTestNGCucumberTests.runScenario(AbstractTestNGCucumberTests.java:35) ~[cucumber-testng-7.11.2.jar:7.11.2]
	at jdk.internal.reflect.NativeMethodAccessorImpl.invoke0(Native Method) ~[?:?]
	at jdk.internal.reflect.NativeMethodAccessorImpl.invoke(NativeMethodAccessorImpl.java:77) ~[?:?]
	at jdk.internal.reflect.DelegatingMethodAccessorImpl.invoke(DelegatingMethodAccessorImpl.java:43) ~[?:?]
	at java.lang.reflect.Method.invoke(Method.java:568) ~[?:?]
	at org.testng.internal.MethodInvocationHelper.invokeMethod(MethodInvocationHelper.java:133) ~[org.testng_7.4.0.r202105021533.jar:7.4.0]
	at org.testng.internal.TestInvoker.invokeMethod(TestInvoker.java:598) ~[org.testng_7.4.0.r202105021533.jar:7.4.0]
	at org.testng.internal.TestInvoker.invokeTestMethod(TestInvoker.java:173) ~[org.testng_7.4.0.r202105021533.jar:7.4.0]
	at org.testng.internal.MethodRunner.runInSequence(MethodRunner.java:46) ~[org.testng_7.4.0.r202105021533.jar:7.4.0]
	at org.testng.internal.TestInvoker$MethodInvocationAgent.invoke(TestInvoker.java:824) ~[org.testng_7.4.0.r202105021533.jar:7.4.0]
	at org.testng.internal.TestInvoker.invokeTestMethods(TestInvoker.java:146) ~[org.testng_7.4.0.r202105021533.jar:7.4.0]
	at org.testng.internal.TestMethodWorker.invokeTestMethods(TestMethodWorker.java:146) ~[org.testng_7.4.0.r202105021533.jar:7.4.0]
	at org.testng.internal.TestMethodWorker.run(TestMethodWorker.java:128) ~[org.testng_7.4.0.r202105021533.jar:7.4.0]
	at java.util.ArrayList.forEach(ArrayList.java:1511) ~[?:?]
	at org.testng.TestRunner.privateRun(TestRunner.java:794) ~[org.testng_7.4.0.r202105021533.jar:7.4.0]
	at org.testng.TestRunner.run(TestRunner.java:596) ~[org.testng_7.4.0.r202105021533.jar:7.4.0]
	at org.testng.SuiteRunner.runTest(SuiteRunner.java:377) ~[org.testng_7.4.0.r202105021533.jar:7.4.0]
	at org.testng.SuiteRunner.runSequentially(SuiteRunner.java:371) ~[org.testng_7.4.0.r202105021533.jar:7.4.0]
	at org.testng.SuiteRunner.privateRun(SuiteRunner.java:332) ~[org.testng_7.4.0.r202105021533.jar:7.4.0]
	at org.testng.SuiteRunner.run(SuiteRunner.java:276) ~[org.testng_7.4.0.r202105021533.jar:7.4.0]
	at org.testng.SuiteRunnerWorker.runSuite(SuiteRunnerWorker.java:53) ~[org.testng_7.4.0.r202105021533.jar:7.4.0]
	at org.testng.SuiteRunnerWorker.run(SuiteRunnerWorker.java:96) ~[org.testng_7.4.0.r202105021533.jar:7.4.0]
	at org.testng.TestNG.runSuitesSequentially(TestNG.java:1212) ~[org.testng_7.4.0.r202105021533.jar:7.4.0]
	at org.testng.TestNG.runSuitesLocally(TestNG.java:1134) ~[org.testng_7.4.0.r202105021533.jar:7.4.0]
	at org.testng.TestNG.runSuites(TestNG.java:1063) ~[org.testng_7.4.0.r202105021533.jar:7.4.0]
	at org.testng.TestNG.run(TestNG.java:1031) ~[org.testng_7.4.0.r202105021533.jar:7.4.0]
	at org.testng.remote.AbstractRemoteTestNG.run(AbstractRemoteTestNG.java:115) ~[testng-remote.jar:?]
	at org.testng.remote.RemoteTestNG.initAndRun(RemoteTestNG.java:251) ~[testng-remote.jar:?]
	at org.testng.remote.RemoteTestNG.main(RemoteTestNG.java:77) ~[testng-remote.jar:?]
23:44:03.289 DEBUG internal.PlatformDependent0 -java.nio.DirectByteBuffer.<init>(long, int): unavailable
23:44:03.289 DEBUG internal.PlatformDependent -sun.misc.Unsafe: available
23:44:03.290 DEBUG internal.PlatformDependent -maxDirectMemory: 1574961152 bytes (maybe)
23:44:03.290 DEBUG internal.PlatformDependent --Dio.netty.tmpdir: C:\Users\LENOVO\AppData\Local\Temp (java.io.tmpdir)
23:44:03.290 DEBUG internal.PlatformDependent --Dio.netty.bitMode: 64 (sun.arch.data.model)
23:44:03.290 DEBUG internal.PlatformDependent -Platform: Windows
23:44:03.291 DEBUG internal.PlatformDependent --Dio.netty.maxDirectMemory: -1 bytes
23:44:03.292 DEBUG internal.PlatformDependent --Dio.netty.uninitializedArrayAllocationThreshold: -1
23:44:03.293 DEBUG internal.CleanerJava9 -java.nio.ByteBuffer.cleaner(): available
23:44:03.293 DEBUG internal.PlatformDependent --Dio.netty.noPreferDirect: false
23:44:03.302 DEBUG internal.PlatformDependent -org.jctools-core.MpscChunkedArrayQueue: available
23:44:03.329 DEBUG internal.InternalThreadLocalMap --Dio.netty.threadLocalMap.stringBuilder.initialSize: 1024
23:44:03.329 DEBUG internal.InternalThreadLocalMap --Dio.netty.threadLocalMap.stringBuilder.maxSize: 4096
23:44:03.557 DEBUG ssl.JdkSslContext -Default protocols (JDK): [TLSv1.3, TLSv1.2] 
23:44:03.557 DEBUG ssl.JdkSslContext -Default cipher suites (JDK): [TLS_ECDHE_ECDSA_WITH_AES_256_GCM_SHA384, TLS_ECDHE_ECDSA_WITH_AES_128_GCM_SHA256, TLS_ECDHE_RSA_WITH_AES_128_GCM_SHA256, TLS_ECDHE_RSA_WITH_AES_256_GCM_SHA384, TLS_ECDHE_RSA_WITH_AES_128_CBC_SHA, TLS_ECDHE_RSA_WITH_AES_256_CBC_SHA, TLS_RSA_WITH_AES_128_GCM_SHA256, TLS_RSA_WITH_AES_128_CBC_SHA, TLS_RSA_WITH_AES_256_CBC_SHA, TLS_AES_128_GCM_SHA256, TLS_AES_256_GCM_SHA384]
23:44:03.598 DEBUG channel.MultithreadEventLoopGroup --Dio.netty.eventLoopThreads: 24
23:44:03.615 DEBUG nio.NioEventLoop --Dio.netty.noKeySetOptimization: false
23:44:03.615 DEBUG nio.NioEventLoop --Dio.netty.selectorAutoRebuildThreshold: 512
23:44:03.644 TRACE nio.NioEventLoop -instrumented a special java.util.Set into: sun.nio.ch.WEPollSelectorImpl@12bbfc54
23:44:03.647 TRACE nio.NioEventLoop -instrumented a special java.util.Set into: sun.nio.ch.WEPollSelectorImpl@433c6abb
23:44:03.649 TRACE nio.NioEventLoop -instrumented a special java.util.Set into: sun.nio.ch.WEPollSelectorImpl@288f173f
23:44:03.651 TRACE nio.NioEventLoop -instrumented a special java.util.Set into: sun.nio.ch.WEPollSelectorImpl@a22c4d8
23:44:03.653 TRACE nio.NioEventLoop -instrumented a special java.util.Set into: sun.nio.ch.WEPollSelectorImpl@45cd7bc5
23:44:03.656 TRACE nio.NioEventLoop -instrumented a special java.util.Set into: sun.nio.ch.WEPollSelectorImpl@6504a875
23:44:03.658 TRACE nio.NioEventLoop -instrumented a special java.util.Set into: sun.nio.ch.WEPollSelectorImpl@35e26d05
23:44:03.661 TRACE nio.NioEventLoop -instrumented a special java.util.Set into: sun.nio.ch.WEPollSelectorImpl@29fa6b65
23:44:03.663 TRACE nio.NioEventLoop -instrumented a special java.util.Set into: sun.nio.ch.WEPollSelectorImpl@7c72ecc
23:44:03.665 TRACE nio.NioEventLoop -instrumented a special java.util.Set into: sun.nio.ch.WEPollSelectorImpl@47406941
23:44:03.667 TRACE nio.NioEventLoop -instrumented a special java.util.Set into: sun.nio.ch.WEPollSelectorImpl@61ecbee9
23:44:03.669 TRACE nio.NioEventLoop -instrumented a special java.util.Set into: sun.nio.ch.WEPollSelectorImpl@1bb740f2
23:44:03.672 TRACE nio.NioEventLoop -instrumented a special java.util.Set into: sun.nio.ch.WEPollSelectorImpl@2538bc06
23:44:03.674 TRACE nio.NioEventLoop -instrumented a special java.util.Set into: sun.nio.ch.WEPollSelectorImpl@61f6d381
23:44:03.676 TRACE nio.NioEventLoop -instrumented a special java.util.Set into: sun.nio.ch.WEPollSelectorImpl@656922a0
23:44:03.678 TRACE nio.NioEventLoop -instrumented a special java.util.Set into: sun.nio.ch.WEPollSelectorImpl@44784e2f
23:44:03.680 TRACE nio.NioEventLoop -instrumented a special java.util.Set into: sun.nio.ch.WEPollSelectorImpl@2440022a
23:44:03.682 TRACE nio.NioEventLoop -instrumented a special java.util.Set into: sun.nio.ch.WEPollSelectorImpl@737db7f8
23:44:03.684 TRACE nio.NioEventLoop -instrumented a special java.util.Set into: sun.nio.ch.WEPollSelectorImpl@5f2de715
23:44:03.686 TRACE nio.NioEventLoop -instrumented a special java.util.Set into: sun.nio.ch.WEPollSelectorImpl@5922d3e9
23:44:03.687 TRACE nio.NioEventLoop -instrumented a special java.util.Set into: sun.nio.ch.WEPollSelectorImpl@7d57dbb5
23:44:03.690 TRACE nio.NioEventLoop -instrumented a special java.util.Set into: sun.nio.ch.WEPollSelectorImpl@630b6190
23:44:03.692 TRACE nio.NioEventLoop -instrumented a special java.util.Set into: sun.nio.ch.WEPollSelectorImpl@532e27ab
23:44:03.694 TRACE nio.NioEventLoop -instrumented a special java.util.Set into: sun.nio.ch.WEPollSelectorImpl@1cdc1bbc
23:44:03.718 DEBUG buffer.PooledByteBufAllocator --Dio.netty.allocator.numHeapArenas: 24
23:44:03.718 DEBUG buffer.PooledByteBufAllocator --Dio.netty.allocator.numDirectArenas: 24
23:44:03.718 DEBUG buffer.PooledByteBufAllocator --Dio.netty.allocator.pageSize: 8192
23:44:03.718 DEBUG buffer.PooledByteBufAllocator --Dio.netty.allocator.maxOrder: 9
23:44:03.718 DEBUG buffer.PooledByteBufAllocator --Dio.netty.allocator.chunkSize: 4194304
23:44:03.718 DEBUG buffer.PooledByteBufAllocator --Dio.netty.allocator.smallCacheSize: 256
23:44:03.718 DEBUG buffer.PooledByteBufAllocator --Dio.netty.allocator.normalCacheSize: 64
23:44:03.719 DEBUG buffer.PooledByteBufAllocator --Dio.netty.allocator.maxCachedBufferCapacity: 32768
23:44:03.719 DEBUG buffer.PooledByteBufAllocator --Dio.netty.allocator.cacheTrimInterval: 8192
23:44:03.719 DEBUG buffer.PooledByteBufAllocator --Dio.netty.allocator.cacheTrimIntervalMillis: 0
23:44:03.719 DEBUG buffer.PooledByteBufAllocator --Dio.netty.allocator.useCacheForAllThreads: false
23:44:03.719 DEBUG buffer.PooledByteBufAllocator --Dio.netty.allocator.maxCachedByteBuffersPerChunk: 1023
23:44:03.736 DEBUG buffer.ByteBufUtil --Dio.netty.allocator.type: pooled
23:44:03.736 DEBUG buffer.ByteBufUtil --Dio.netty.threadLocalDirectBufferSize: 0
23:44:03.736 DEBUG buffer.ByteBufUtil --Dio.netty.maxThreadLocalCharBufferSize: 16384
23:44:04.093 DEBUG channel.DefaultChannelId --Dio.netty.processId: 25280 (auto-detected)
23:44:04.096 DEBUG util.NetUtil --Djava.net.preferIPv4Stack: false
23:44:04.096 DEBUG util.NetUtil --Djava.net.preferIPv6Addresses: false
23:44:04.104 DEBUG util.NetUtilInitializations -Loopback interface: lo (Software Loopback Interface 1, 127.0.0.1)
23:44:04.111 DEBUG util.NetUtil -Failed to get SOMAXCONN from sysctl and file \proc\sys\net\core\somaxconn. Default: 200
23:44:04.128 DEBUG channel.DefaultChannelId --Dio.netty.machineId: 00:45:e2:ff:fe:82:f7:93 (auto-detected)
23:44:04.188 DEBUG buffer.AbstractByteBuf --Dio.netty.buffer.checkAccessible: true
23:44:04.188 DEBUG buffer.AbstractByteBuf --Dio.netty.buffer.checkBounds: true
23:44:04.188 DEBUG util.ResourceLeakDetectorFactory -Loaded default ResourceLeakDetector: io.netty.util.ResourceLeakDetector@2534a87
23:44:04.212 DEBUG util.Recycler --Dio.netty.recycler.maxCapacityPerThread: 4096
23:44:04.212 DEBUG util.Recycler --Dio.netty.recycler.ratio: 8
23:44:04.213 DEBUG util.Recycler --Dio.netty.recycler.chunkSize: 32
23:44:04.213 DEBUG util.Recycler --Dio.netty.recycler.blocking: false
23:44:04.852 DEBUG compression.Brotli -brotli4j not in the classpath; Brotli support will be unavailable.
23:44:05.003 DEBUG internal.ThreadLocalRandom --Dio.netty.initialSeedUniquifier: 0x8fe5ea726642c842
23:44:07.745 INFO  BaseClasses.CustomDriver -waiting for max:: 2 seconds for element to visible
23:44:07.828 INFO  BaseClasses.CustomDriver -element is visible on webpage
23:44:08.087 ERROR BaseClasses.CustomDriver -element not found with ::by.cssSelector=>a[class='nav-link nav-profile-link dropdown-toggle'] img[class='rounded-circle']
23:44:08.090 ERROR BaseClasses.CustomDriver -element not appeared on webpage
23:44:08.109 TRACE websocketx.WebSocket08FrameEncoder -Encoding WebSocket Frame opCode=8 length=26
23:45:41.955 INFO  BaseTestCases.WebDriverFactory -driver binary ::C:\Users\LENOVO\pageobject\ModidiedOnline\drivers\chromedriver.exe
23:45:42.117 DEBUG logging.InternalLoggerFactory -Using Log4J2 as the default logging framework
23:45:42.123 DEBUG util.ResourceLeakDetector --Dio.netty.leakDetection.level: simple
23:45:42.124 DEBUG util.ResourceLeakDetector --Dio.netty.leakDetection.targetRecords: 4
23:45:42.130 DEBUG util.ResourceLeakDetectorFactory -Loaded default ResourceLeakDetector: io.netty.util.ResourceLeakDetector@5a237731
23:45:42.153 DEBUG internal.PlatformDependent0 --Dio.netty.noUnsafe: false
23:45:42.153 DEBUG internal.PlatformDependent0 -Java version: 17
23:45:42.155 DEBUG internal.PlatformDependent0 -sun.misc.Unsafe.theUnsafe: available
23:45:42.155 DEBUG internal.PlatformDependent0 -sun.misc.Unsafe.copyMemory: available
23:45:42.156 DEBUG internal.PlatformDependent0 -sun.misc.Unsafe.storeFence: available
23:45:42.157 DEBUG internal.PlatformDependent0 -java.nio.Buffer.address: available
23:45:42.157 DEBUG internal.PlatformDependent0 -direct buffer constructor: unavailable
java.lang.UnsupportedOperationException: Reflective setAccessible(true) disabled
	at io.netty.util.internal.ReflectionUtil.trySetAccessible(ReflectionUtil.java:31) ~[netty-common-4.1.84.Final.jar:4.1.84.Final]
	at io.netty.util.internal.PlatformDependent0$5.run(PlatformDependent0.java:288) ~[netty-common-4.1.84.Final.jar:4.1.84.Final]
	at java.security.AccessController.doPrivileged(AccessController.java:318) ~[?:?]
	at io.netty.util.internal.PlatformDependent0.<clinit>(PlatformDependent0.java:282) ~[netty-common-4.1.84.Final.jar:4.1.84.Final]
	at io.netty.util.internal.PlatformDependent.isAndroid(PlatformDependent.java:333) ~[netty-common-4.1.84.Final.jar:4.1.84.Final]
	at io.netty.util.internal.PlatformDependent.<clinit>(PlatformDependent.java:88) ~[netty-common-4.1.84.Final.jar:4.1.84.Final]
	at io.netty.util.HashedWheelTimer.<init>(HashedWheelTimer.java:114) ~[netty-common-4.1.84.Final.jar:4.1.84.Final]
	at io.netty.util.HashedWheelTimer.<init>(HashedWheelTimer.java:251) ~[netty-common-4.1.84.Final.jar:4.1.84.Final]
	at io.netty.util.HashedWheelTimer.<init>(HashedWheelTimer.java:224) ~[netty-common-4.1.84.Final.jar:4.1.84.Final]
	at io.netty.util.HashedWheelTimer.<init>(HashedWheelTimer.java:203) ~[netty-common-4.1.84.Final.jar:4.1.84.Final]
	at org.asynchttpclient.DefaultAsyncHttpClient.newNettyTimer(DefaultAsyncHttpClient.java:111) ~[async-http-client-2.12.3.jar:?]
	at org.asynchttpclient.DefaultAsyncHttpClient.<init>(DefaultAsyncHttpClient.java:90) ~[async-http-client-2.12.3.jar:?]
	at org.asynchttpclient.Dsl.asyncHttpClient(Dsl.java:32) ~[async-http-client-2.12.3.jar:?]
	at org.openqa.selenium.remote.http.netty.NettyClient.createHttpClient(NettyClient.java:94) ~[selenium-remote-driver-4.7.2.jar:?]
	at org.openqa.selenium.remote.http.netty.NettyClient.<clinit>(NettyClient.java:47) ~[selenium-remote-driver-4.7.2.jar:?]
	at org.openqa.selenium.remote.http.netty.NettyClient$Factory.createClient(NettyClient.java:135) ~[selenium-remote-driver-4.7.2.jar:?]
	at org.openqa.selenium.remote.HttpCommandExecutor.<init>(HttpCommandExecutor.java:107) ~[selenium-remote-driver-4.7.2.jar:?]
	at org.openqa.selenium.remote.HttpCommandExecutor.<init>(HttpCommandExecutor.java:94) ~[selenium-remote-driver-4.7.2.jar:?]
	at org.openqa.selenium.remote.HttpCommandExecutor.<init>(HttpCommandExecutor.java:85) ~[selenium-remote-driver-4.7.2.jar:?]
	at org.openqa.selenium.remote.service.DriverCommandExecutor.<init>(DriverCommandExecutor.java:80) ~[selenium-remote-driver-4.7.2.jar:?]
	at org.openqa.selenium.chromium.ChromiumDriverCommandExecutor.<init>(ChromiumDriverCommandExecutor.java:35) ~[selenium-chromium-driver-4.7.2.jar:?]
	at org.openqa.selenium.chrome.ChromeDriver$ChromeDriverCommandExecutor.<init>(ChromeDriver.java:94) ~[selenium-chrome-driver-4.7.2.jar:?]
	at org.openqa.selenium.chrome.ChromeDriver.<init>(ChromeDriver.java:82) ~[selenium-chrome-driver-4.7.2.jar:?]
	at org.openqa.selenium.chrome.ChromeDriver.<init>(ChromeDriver.java:71) ~[selenium-chrome-driver-4.7.2.jar:?]
	at com.wa.ModifiedOnline.BaseTestCases.WebDriverFactory.getDriver(WebDriverFactory.java:46) ~[test-classes/:?]
	at com.wa.ModifiedOnline.BaseTestCases.BaseTest.commonSetup(BaseTest.java:30) ~[test-classes/:?]
	at Cucumber.StepDefinition.StepDefinitionLogin.setupbrowser(StepDefinitionLogin.java:25) ~[test-classes/:?]
	at jdk.internal.reflect.NativeMethodAccessorImpl.invoke0(Native Method) ~[?:?]
	at jdk.internal.reflect.NativeMethodAccessorImpl.invoke(NativeMethodAccessorImpl.java:77) ~[?:?]
	at jdk.internal.reflect.DelegatingMethodAccessorImpl.invoke(DelegatingMethodAccessorImpl.java:43) ~[?:?]
	at java.lang.reflect.Method.invoke(Method.java:568) ~[?:?]
	at io.cucumber.java.Invoker.doInvoke(Invoker.java:66) ~[cucumber-java-7.11.2.jar:7.11.2]
	at io.cucumber.java.Invoker.invoke(Invoker.java:24) ~[cucumber-java-7.11.2.jar:7.11.2]
	at io.cucumber.java.AbstractGlueDefinition.invokeMethod(AbstractGlueDefinition.java:47) ~[cucumber-java-7.11.2.jar:7.11.2]
	at io.cucumber.java.JavaHookDefinition.execute(JavaHookDefinition.java:64) ~[cucumber-java-7.11.2.jar:7.11.2]
	at io.cucumber.core.runner.CoreHookDefinition.execute(CoreHookDefinition.java:46) ~[cucumber-core-7.11.2.jar:7.11.2]
	at io.cucumber.core.runner.HookDefinitionMatch.runStep(HookDefinitionMatch.java:21) ~[cucumber-core-7.11.2.jar:7.11.2]
	at io.cucumber.core.runner.ExecutionMode$1.execute(ExecutionMode.java:10) ~[cucumber-core-7.11.2.jar:7.11.2]
	at io.cucumber.core.runner.TestStep.executeStep(TestStep.java:84) ~[cucumber-core-7.11.2.jar:7.11.2]
	at io.cucumber.core.runner.TestStep.run(TestStep.java:56) ~[cucumber-core-7.11.2.jar:7.11.2]
	at io.cucumber.core.runner.TestCase.run(TestCase.java:78) ~[cucumber-core-7.11.2.jar:7.11.2]
	at io.cucumber.core.runner.Runner.runPickle(Runner.java:75) ~[cucumber-core-7.11.2.jar:7.11.2]
	at io.cucumber.testng.TestNGCucumberRunner.lambda$runScenario$1(TestNGCucumberRunner.java:132) ~[cucumber-testng-7.11.2.jar:7.11.2]
	at io.cucumber.core.runtime.CucumberExecutionContext.lambda$runTestCase$5(CucumberExecutionContext.java:130) ~[cucumber-core-7.11.2.jar:7.11.2]
	at io.cucumber.core.runtime.RethrowingThrowableCollector.executeAndThrow(RethrowingThrowableCollector.java:23) ~[cucumber-core-7.11.2.jar:7.11.2]
	at io.cucumber.core.runtime.CucumberExecutionContext.runTestCase(CucumberExecutionContext.java:130) ~[cucumber-core-7.11.2.jar:7.11.2]
	at io.cucumber.testng.TestNGCucumberRunner.runScenario(TestNGCucumberRunner.java:129) ~[cucumber-testng-7.11.2.jar:7.11.2]
	at io.cucumber.testng.AbstractTestNGCucumberTests.runScenario(AbstractTestNGCucumberTests.java:35) ~[cucumber-testng-7.11.2.jar:7.11.2]
	at jdk.internal.reflect.NativeMethodAccessorImpl.invoke0(Native Method) ~[?:?]
	at jdk.internal.reflect.NativeMethodAccessorImpl.invoke(NativeMethodAccessorImpl.java:77) ~[?:?]
	at jdk.internal.reflect.DelegatingMethodAccessorImpl.invoke(DelegatingMethodAccessorImpl.java:43) ~[?:?]
	at java.lang.reflect.Method.invoke(Method.java:568) ~[?:?]
	at org.testng.internal.MethodInvocationHelper.invokeMethod(MethodInvocationHelper.java:133) ~[org.testng_7.4.0.r202105021533.jar:7.4.0]
	at org.testng.internal.TestInvoker.invokeMethod(TestInvoker.java:598) ~[org.testng_7.4.0.r202105021533.jar:7.4.0]
	at org.testng.internal.TestInvoker.invokeTestMethod(TestInvoker.java:173) ~[org.testng_7.4.0.r202105021533.jar:7.4.0]
	at org.testng.internal.MethodRunner.runInSequence(MethodRunner.java:46) ~[org.testng_7.4.0.r202105021533.jar:7.4.0]
	at org.testng.internal.TestInvoker$MethodInvocationAgent.invoke(TestInvoker.java:824) ~[org.testng_7.4.0.r202105021533.jar:7.4.0]
	at org.testng.internal.TestInvoker.invokeTestMethods(TestInvoker.java:146) ~[org.testng_7.4.0.r202105021533.jar:7.4.0]
	at org.testng.internal.TestMethodWorker.invokeTestMethods(TestMethodWorker.java:146) ~[org.testng_7.4.0.r202105021533.jar:7.4.0]
	at org.testng.internal.TestMethodWorker.run(TestMethodWorker.java:128) ~[org.testng_7.4.0.r202105021533.jar:7.4.0]
	at java.util.ArrayList.forEach(ArrayList.java:1511) ~[?:?]
	at org.testng.TestRunner.privateRun(TestRunner.java:794) ~[org.testng_7.4.0.r202105021533.jar:7.4.0]
	at org.testng.TestRunner.run(TestRunner.java:596) ~[org.testng_7.4.0.r202105021533.jar:7.4.0]
	at org.testng.SuiteRunner.runTest(SuiteRunner.java:377) ~[org.testng_7.4.0.r202105021533.jar:7.4.0]
	at org.testng.SuiteRunner.runSequentially(SuiteRunner.java:371) ~[org.testng_7.4.0.r202105021533.jar:7.4.0]
	at org.testng.SuiteRunner.privateRun(SuiteRunner.java:332) ~[org.testng_7.4.0.r202105021533.jar:7.4.0]
	at org.testng.SuiteRunner.run(SuiteRunner.java:276) ~[org.testng_7.4.0.r202105021533.jar:7.4.0]
	at org.testng.SuiteRunnerWorker.runSuite(SuiteRunnerWorker.java:53) ~[org.testng_7.4.0.r202105021533.jar:7.4.0]
	at org.testng.SuiteRunnerWorker.run(SuiteRunnerWorker.java:96) ~[org.testng_7.4.0.r202105021533.jar:7.4.0]
	at org.testng.TestNG.runSuitesSequentially(TestNG.java:1212) ~[org.testng_7.4.0.r202105021533.jar:7.4.0]
	at org.testng.TestNG.runSuitesLocally(TestNG.java:1134) ~[org.testng_7.4.0.r202105021533.jar:7.4.0]
	at org.testng.TestNG.runSuites(TestNG.java:1063) ~[org.testng_7.4.0.r202105021533.jar:7.4.0]
	at org.testng.TestNG.run(TestNG.java:1031) ~[org.testng_7.4.0.r202105021533.jar:7.4.0]
	at org.testng.remote.AbstractRemoteTestNG.run(AbstractRemoteTestNG.java:115) ~[testng-remote.jar:?]
	at org.testng.remote.RemoteTestNG.initAndRun(RemoteTestNG.java:251) ~[testng-remote.jar:?]
	at org.testng.remote.RemoteTestNG.main(RemoteTestNG.java:77) ~[testng-remote.jar:?]
23:45:42.172 DEBUG internal.PlatformDependent0 -java.nio.Bits.unaligned: available, true
23:45:42.174 DEBUG internal.PlatformDependent0 -jdk.internal.misc.Unsafe.allocateUninitializedArray(int): unavailable
java.lang.IllegalAccessException: class io.netty.util.internal.PlatformDependent0$7 cannot access class jdk.internal.misc.Unsafe (in module java.base) because module java.base does not export jdk.internal.misc to unnamed module @9f70c54
	at jdk.internal.reflect.Reflection.newIllegalAccessException(Reflection.java:392) ~[?:?]
	at java.lang.reflect.AccessibleObject.checkAccess(AccessibleObject.java:674) ~[?:?]
	at java.lang.reflect.Method.invoke(Method.java:560) ~[?:?]
	at io.netty.util.internal.PlatformDependent0$7.run(PlatformDependent0.java:410) ~[netty-common-4.1.84.Final.jar:4.1.84.Final]
	at java.security.AccessController.doPrivileged(AccessController.java:318) ~[?:?]
	at io.netty.util.internal.PlatformDependent0.<clinit>(PlatformDependent0.java:401) ~[netty-common-4.1.84.Final.jar:4.1.84.Final]
	at io.netty.util.internal.PlatformDependent.isAndroid(PlatformDependent.java:333) ~[netty-common-4.1.84.Final.jar:4.1.84.Final]
	at io.netty.util.internal.PlatformDependent.<clinit>(PlatformDependent.java:88) ~[netty-common-4.1.84.Final.jar:4.1.84.Final]
	at io.netty.util.HashedWheelTimer.<init>(HashedWheelTimer.java:114) ~[netty-common-4.1.84.Final.jar:4.1.84.Final]
	at io.netty.util.HashedWheelTimer.<init>(HashedWheelTimer.java:251) ~[netty-common-4.1.84.Final.jar:4.1.84.Final]
	at io.netty.util.HashedWheelTimer.<init>(HashedWheelTimer.java:224) ~[netty-common-4.1.84.Final.jar:4.1.84.Final]
	at io.netty.util.HashedWheelTimer.<init>(HashedWheelTimer.java:203) ~[netty-common-4.1.84.Final.jar:4.1.84.Final]
	at org.asynchttpclient.DefaultAsyncHttpClient.newNettyTimer(DefaultAsyncHttpClient.java:111) ~[async-http-client-2.12.3.jar:?]
	at org.asynchttpclient.DefaultAsyncHttpClient.<init>(DefaultAsyncHttpClient.java:90) ~[async-http-client-2.12.3.jar:?]
	at org.asynchttpclient.Dsl.asyncHttpClient(Dsl.java:32) ~[async-http-client-2.12.3.jar:?]
	at org.openqa.selenium.remote.http.netty.NettyClient.createHttpClient(NettyClient.java:94) ~[selenium-remote-driver-4.7.2.jar:?]
	at org.openqa.selenium.remote.http.netty.NettyClient.<clinit>(NettyClient.java:47) ~[selenium-remote-driver-4.7.2.jar:?]
	at org.openqa.selenium.remote.http.netty.NettyClient$Factory.createClient(NettyClient.java:135) ~[selenium-remote-driver-4.7.2.jar:?]
	at org.openqa.selenium.remote.HttpCommandExecutor.<init>(HttpCommandExecutor.java:107) ~[selenium-remote-driver-4.7.2.jar:?]
	at org.openqa.selenium.remote.HttpCommandExecutor.<init>(HttpCommandExecutor.java:94) ~[selenium-remote-driver-4.7.2.jar:?]
	at org.openqa.selenium.remote.HttpCommandExecutor.<init>(HttpCommandExecutor.java:85) ~[selenium-remote-driver-4.7.2.jar:?]
	at org.openqa.selenium.remote.service.DriverCommandExecutor.<init>(DriverCommandExecutor.java:80) ~[selenium-remote-driver-4.7.2.jar:?]
	at org.openqa.selenium.chromium.ChromiumDriverCommandExecutor.<init>(ChromiumDriverCommandExecutor.java:35) ~[selenium-chromium-driver-4.7.2.jar:?]
	at org.openqa.selenium.chrome.ChromeDriver$ChromeDriverCommandExecutor.<init>(ChromeDriver.java:94) ~[selenium-chrome-driver-4.7.2.jar:?]
	at org.openqa.selenium.chrome.ChromeDriver.<init>(ChromeDriver.java:82) ~[selenium-chrome-driver-4.7.2.jar:?]
	at org.openqa.selenium.chrome.ChromeDriver.<init>(ChromeDriver.java:71) ~[selenium-chrome-driver-4.7.2.jar:?]
	at com.wa.ModifiedOnline.BaseTestCases.WebDriverFactory.getDriver(WebDriverFactory.java:46) ~[test-classes/:?]
	at com.wa.ModifiedOnline.BaseTestCases.BaseTest.commonSetup(BaseTest.java:30) ~[test-classes/:?]
	at Cucumber.StepDefinition.StepDefinitionLogin.setupbrowser(StepDefinitionLogin.java:25) ~[test-classes/:?]
	at jdk.internal.reflect.NativeMethodAccessorImpl.invoke0(Native Method) ~[?:?]
	at jdk.internal.reflect.NativeMethodAccessorImpl.invoke(NativeMethodAccessorImpl.java:77) ~[?:?]
	at jdk.internal.reflect.DelegatingMethodAccessorImpl.invoke(DelegatingMethodAccessorImpl.java:43) ~[?:?]
	at java.lang.reflect.Method.invoke(Method.java:568) ~[?:?]
	at io.cucumber.java.Invoker.doInvoke(Invoker.java:66) ~[cucumber-java-7.11.2.jar:7.11.2]
	at io.cucumber.java.Invoker.invoke(Invoker.java:24) ~[cucumber-java-7.11.2.jar:7.11.2]
	at io.cucumber.java.AbstractGlueDefinition.invokeMethod(AbstractGlueDefinition.java:47) ~[cucumber-java-7.11.2.jar:7.11.2]
	at io.cucumber.java.JavaHookDefinition.execute(JavaHookDefinition.java:64) ~[cucumber-java-7.11.2.jar:7.11.2]
	at io.cucumber.core.runner.CoreHookDefinition.execute(CoreHookDefinition.java:46) ~[cucumber-core-7.11.2.jar:7.11.2]
	at io.cucumber.core.runner.HookDefinitionMatch.runStep(HookDefinitionMatch.java:21) ~[cucumber-core-7.11.2.jar:7.11.2]
	at io.cucumber.core.runner.ExecutionMode$1.execute(ExecutionMode.java:10) ~[cucumber-core-7.11.2.jar:7.11.2]
	at io.cucumber.core.runner.TestStep.executeStep(TestStep.java:84) ~[cucumber-core-7.11.2.jar:7.11.2]
	at io.cucumber.core.runner.TestStep.run(TestStep.java:56) ~[cucumber-core-7.11.2.jar:7.11.2]
	at io.cucumber.core.runner.TestCase.run(TestCase.java:78) ~[cucumber-core-7.11.2.jar:7.11.2]
	at io.cucumber.core.runner.Runner.runPickle(Runner.java:75) ~[cucumber-core-7.11.2.jar:7.11.2]
	at io.cucumber.testng.TestNGCucumberRunner.lambda$runScenario$1(TestNGCucumberRunner.java:132) ~[cucumber-testng-7.11.2.jar:7.11.2]
	at io.cucumber.core.runtime.CucumberExecutionContext.lambda$runTestCase$5(CucumberExecutionContext.java:130) ~[cucumber-core-7.11.2.jar:7.11.2]
	at io.cucumber.core.runtime.RethrowingThrowableCollector.executeAndThrow(RethrowingThrowableCollector.java:23) ~[cucumber-core-7.11.2.jar:7.11.2]
	at io.cucumber.core.runtime.CucumberExecutionContext.runTestCase(CucumberExecutionContext.java:130) ~[cucumber-core-7.11.2.jar:7.11.2]
	at io.cucumber.testng.TestNGCucumberRunner.runScenario(TestNGCucumberRunner.java:129) ~[cucumber-testng-7.11.2.jar:7.11.2]
	at io.cucumber.testng.AbstractTestNGCucumberTests.runScenario(AbstractTestNGCucumberTests.java:35) ~[cucumber-testng-7.11.2.jar:7.11.2]
	at jdk.internal.reflect.NativeMethodAccessorImpl.invoke0(Native Method) ~[?:?]
	at jdk.internal.reflect.NativeMethodAccessorImpl.invoke(NativeMethodAccessorImpl.java:77) ~[?:?]
	at jdk.internal.reflect.DelegatingMethodAccessorImpl.invoke(DelegatingMethodAccessorImpl.java:43) ~[?:?]
	at java.lang.reflect.Method.invoke(Method.java:568) ~[?:?]
	at org.testng.internal.MethodInvocationHelper.invokeMethod(MethodInvocationHelper.java:133) ~[org.testng_7.4.0.r202105021533.jar:7.4.0]
	at org.testng.internal.TestInvoker.invokeMethod(TestInvoker.java:598) ~[org.testng_7.4.0.r202105021533.jar:7.4.0]
	at org.testng.internal.TestInvoker.invokeTestMethod(TestInvoker.java:173) ~[org.testng_7.4.0.r202105021533.jar:7.4.0]
	at org.testng.internal.MethodRunner.runInSequence(MethodRunner.java:46) ~[org.testng_7.4.0.r202105021533.jar:7.4.0]
	at org.testng.internal.TestInvoker$MethodInvocationAgent.invoke(TestInvoker.java:824) ~[org.testng_7.4.0.r202105021533.jar:7.4.0]
	at org.testng.internal.TestInvoker.invokeTestMethods(TestInvoker.java:146) ~[org.testng_7.4.0.r202105021533.jar:7.4.0]
	at org.testng.internal.TestMethodWorker.invokeTestMethods(TestMethodWorker.java:146) ~[org.testng_7.4.0.r202105021533.jar:7.4.0]
	at org.testng.internal.TestMethodWorker.run(TestMethodWorker.java:128) ~[org.testng_7.4.0.r202105021533.jar:7.4.0]
	at java.util.ArrayList.forEach(ArrayList.java:1511) ~[?:?]
	at org.testng.TestRunner.privateRun(TestRunner.java:794) ~[org.testng_7.4.0.r202105021533.jar:7.4.0]
	at org.testng.TestRunner.run(TestRunner.java:596) ~[org.testng_7.4.0.r202105021533.jar:7.4.0]
	at org.testng.SuiteRunner.runTest(SuiteRunner.java:377) ~[org.testng_7.4.0.r202105021533.jar:7.4.0]
	at org.testng.SuiteRunner.runSequentially(SuiteRunner.java:371) ~[org.testng_7.4.0.r202105021533.jar:7.4.0]
	at org.testng.SuiteRunner.privateRun(SuiteRunner.java:332) ~[org.testng_7.4.0.r202105021533.jar:7.4.0]
	at org.testng.SuiteRunner.run(SuiteRunner.java:276) ~[org.testng_7.4.0.r202105021533.jar:7.4.0]
	at org.testng.SuiteRunnerWorker.runSuite(SuiteRunnerWorker.java:53) ~[org.testng_7.4.0.r202105021533.jar:7.4.0]
	at org.testng.SuiteRunnerWorker.run(SuiteRunnerWorker.java:96) ~[org.testng_7.4.0.r202105021533.jar:7.4.0]
	at org.testng.TestNG.runSuitesSequentially(TestNG.java:1212) ~[org.testng_7.4.0.r202105021533.jar:7.4.0]
	at org.testng.TestNG.runSuitesLocally(TestNG.java:1134) ~[org.testng_7.4.0.r202105021533.jar:7.4.0]
	at org.testng.TestNG.runSuites(TestNG.java:1063) ~[org.testng_7.4.0.r202105021533.jar:7.4.0]
	at org.testng.TestNG.run(TestNG.java:1031) ~[org.testng_7.4.0.r202105021533.jar:7.4.0]
	at org.testng.remote.AbstractRemoteTestNG.run(AbstractRemoteTestNG.java:115) ~[testng-remote.jar:?]
	at org.testng.remote.RemoteTestNG.initAndRun(RemoteTestNG.java:251) ~[testng-remote.jar:?]
	at org.testng.remote.RemoteTestNG.main(RemoteTestNG.java:77) ~[testng-remote.jar:?]
23:45:42.178 DEBUG internal.PlatformDependent0 -java.nio.DirectByteBuffer.<init>(long, int): unavailable
23:45:42.178 DEBUG internal.PlatformDependent -sun.misc.Unsafe: available
23:45:42.179 DEBUG internal.PlatformDependent -maxDirectMemory: 1574961152 bytes (maybe)
23:45:42.179 DEBUG internal.PlatformDependent --Dio.netty.tmpdir: C:\Users\LENOVO\AppData\Local\Temp (java.io.tmpdir)
23:45:42.179 DEBUG internal.PlatformDependent --Dio.netty.bitMode: 64 (sun.arch.data.model)
23:45:42.179 DEBUG internal.PlatformDependent -Platform: Windows
23:45:42.180 DEBUG internal.PlatformDependent --Dio.netty.maxDirectMemory: -1 bytes
23:45:42.180 DEBUG internal.PlatformDependent --Dio.netty.uninitializedArrayAllocationThreshold: -1
23:45:42.182 DEBUG internal.CleanerJava9 -java.nio.ByteBuffer.cleaner(): available
23:45:42.182 DEBUG internal.PlatformDependent --Dio.netty.noPreferDirect: false
23:45:42.198 DEBUG internal.PlatformDependent -org.jctools-core.MpscChunkedArrayQueue: available
23:45:42.224 DEBUG internal.InternalThreadLocalMap --Dio.netty.threadLocalMap.stringBuilder.initialSize: 1024
23:45:42.224 DEBUG internal.InternalThreadLocalMap --Dio.netty.threadLocalMap.stringBuilder.maxSize: 4096
23:45:42.458 DEBUG ssl.JdkSslContext -Default protocols (JDK): [TLSv1.3, TLSv1.2] 
23:45:42.458 DEBUG ssl.JdkSslContext -Default cipher suites (JDK): [TLS_ECDHE_ECDSA_WITH_AES_256_GCM_SHA384, TLS_ECDHE_ECDSA_WITH_AES_128_GCM_SHA256, TLS_ECDHE_RSA_WITH_AES_128_GCM_SHA256, TLS_ECDHE_RSA_WITH_AES_256_GCM_SHA384, TLS_ECDHE_RSA_WITH_AES_128_CBC_SHA, TLS_ECDHE_RSA_WITH_AES_256_CBC_SHA, TLS_RSA_WITH_AES_128_GCM_SHA256, TLS_RSA_WITH_AES_128_CBC_SHA, TLS_RSA_WITH_AES_256_CBC_SHA, TLS_AES_128_GCM_SHA256, TLS_AES_256_GCM_SHA384]
23:45:42.494 DEBUG channel.MultithreadEventLoopGroup --Dio.netty.eventLoopThreads: 24
23:45:42.511 DEBUG nio.NioEventLoop --Dio.netty.noKeySetOptimization: false
23:45:42.511 DEBUG nio.NioEventLoop --Dio.netty.selectorAutoRebuildThreshold: 512
23:45:42.546 TRACE nio.NioEventLoop -instrumented a special java.util.Set into: sun.nio.ch.WEPollSelectorImpl@12bbfc54
23:45:42.550 TRACE nio.NioEventLoop -instrumented a special java.util.Set into: sun.nio.ch.WEPollSelectorImpl@433c6abb
23:45:42.553 TRACE nio.NioEventLoop -instrumented a special java.util.Set into: sun.nio.ch.WEPollSelectorImpl@288f173f
23:45:42.556 TRACE nio.NioEventLoop -instrumented a special java.util.Set into: sun.nio.ch.WEPollSelectorImpl@a22c4d8
23:45:42.559 TRACE nio.NioEventLoop -instrumented a special java.util.Set into: sun.nio.ch.WEPollSelectorImpl@45cd7bc5
23:45:42.562 TRACE nio.NioEventLoop -instrumented a special java.util.Set into: sun.nio.ch.WEPollSelectorImpl@6504a875
23:45:42.564 TRACE nio.NioEventLoop -instrumented a special java.util.Set into: sun.nio.ch.WEPollSelectorImpl@35e26d05
23:45:42.567 TRACE nio.NioEventLoop -instrumented a special java.util.Set into: sun.nio.ch.WEPollSelectorImpl@29fa6b65
23:45:42.570 TRACE nio.NioEventLoop -instrumented a special java.util.Set into: sun.nio.ch.WEPollSelectorImpl@7c72ecc
23:45:42.572 TRACE nio.NioEventLoop -instrumented a special java.util.Set into: sun.nio.ch.WEPollSelectorImpl@47406941
23:45:42.574 TRACE nio.NioEventLoop -instrumented a special java.util.Set into: sun.nio.ch.WEPollSelectorImpl@61ecbee9
23:45:42.576 TRACE nio.NioEventLoop -instrumented a special java.util.Set into: sun.nio.ch.WEPollSelectorImpl@1bb740f2
23:45:42.578 TRACE nio.NioEventLoop -instrumented a special java.util.Set into: sun.nio.ch.WEPollSelectorImpl@2538bc06
23:45:42.580 TRACE nio.NioEventLoop -instrumented a special java.util.Set into: sun.nio.ch.WEPollSelectorImpl@61f6d381
23:45:42.582 TRACE nio.NioEventLoop -instrumented a special java.util.Set into: sun.nio.ch.WEPollSelectorImpl@656922a0
23:45:42.584 TRACE nio.NioEventLoop -instrumented a special java.util.Set into: sun.nio.ch.WEPollSelectorImpl@44784e2f
23:45:42.587 TRACE nio.NioEventLoop -instrumented a special java.util.Set into: sun.nio.ch.WEPollSelectorImpl@2440022a
23:45:42.590 TRACE nio.NioEventLoop -instrumented a special java.util.Set into: sun.nio.ch.WEPollSelectorImpl@737db7f8
23:45:42.592 TRACE nio.NioEventLoop -instrumented a special java.util.Set into: sun.nio.ch.WEPollSelectorImpl@5f2de715
23:45:42.593 TRACE nio.NioEventLoop -instrumented a special java.util.Set into: sun.nio.ch.WEPollSelectorImpl@5922d3e9
23:45:42.595 TRACE nio.NioEventLoop -instrumented a special java.util.Set into: sun.nio.ch.WEPollSelectorImpl@7d57dbb5
23:45:42.597 TRACE nio.NioEventLoop -instrumented a special java.util.Set into: sun.nio.ch.WEPollSelectorImpl@630b6190
23:45:42.599 TRACE nio.NioEventLoop -instrumented a special java.util.Set into: sun.nio.ch.WEPollSelectorImpl@532e27ab
23:45:42.601 TRACE nio.NioEventLoop -instrumented a special java.util.Set into: sun.nio.ch.WEPollSelectorImpl@1cdc1bbc
23:45:42.628 DEBUG buffer.PooledByteBufAllocator --Dio.netty.allocator.numHeapArenas: 24
23:45:42.628 DEBUG buffer.PooledByteBufAllocator --Dio.netty.allocator.numDirectArenas: 24
23:45:42.628 DEBUG buffer.PooledByteBufAllocator --Dio.netty.allocator.pageSize: 8192
23:45:42.628 DEBUG buffer.PooledByteBufAllocator --Dio.netty.allocator.maxOrder: 9
23:45:42.628 DEBUG buffer.PooledByteBufAllocator --Dio.netty.allocator.chunkSize: 4194304
23:45:42.628 DEBUG buffer.PooledByteBufAllocator --Dio.netty.allocator.smallCacheSize: 256
23:45:42.628 DEBUG buffer.PooledByteBufAllocator --Dio.netty.allocator.normalCacheSize: 64
23:45:42.628 DEBUG buffer.PooledByteBufAllocator --Dio.netty.allocator.maxCachedBufferCapacity: 32768
23:45:42.629 DEBUG buffer.PooledByteBufAllocator --Dio.netty.allocator.cacheTrimInterval: 8192
23:45:42.629 DEBUG buffer.PooledByteBufAllocator --Dio.netty.allocator.cacheTrimIntervalMillis: 0
23:45:42.629 DEBUG buffer.PooledByteBufAllocator --Dio.netty.allocator.useCacheForAllThreads: false
23:45:42.629 DEBUG buffer.PooledByteBufAllocator --Dio.netty.allocator.maxCachedByteBuffersPerChunk: 1023
23:45:42.643 DEBUG buffer.ByteBufUtil --Dio.netty.allocator.type: pooled
23:45:42.644 DEBUG buffer.ByteBufUtil --Dio.netty.threadLocalDirectBufferSize: 0
23:45:42.644 DEBUG buffer.ByteBufUtil --Dio.netty.maxThreadLocalCharBufferSize: 16384
23:45:43.033 DEBUG channel.DefaultChannelId --Dio.netty.processId: 15244 (auto-detected)
23:45:43.035 DEBUG util.NetUtil --Djava.net.preferIPv4Stack: false
23:45:43.036 DEBUG util.NetUtil --Djava.net.preferIPv6Addresses: false
23:45:43.045 DEBUG util.NetUtilInitializations -Loopback interface: lo (Software Loopback Interface 1, 127.0.0.1)
23:45:43.047 DEBUG util.NetUtil -Failed to get SOMAXCONN from sysctl and file \proc\sys\net\core\somaxconn. Default: 200
23:45:43.063 DEBUG channel.DefaultChannelId --Dio.netty.machineId: 00:45:e2:ff:fe:82:f7:93 (auto-detected)
23:45:43.132 DEBUG buffer.AbstractByteBuf --Dio.netty.buffer.checkAccessible: true
23:45:43.132 DEBUG buffer.AbstractByteBuf --Dio.netty.buffer.checkBounds: true
23:45:43.132 DEBUG util.ResourceLeakDetectorFactory -Loaded default ResourceLeakDetector: io.netty.util.ResourceLeakDetector@5deded17
23:45:43.158 DEBUG util.Recycler --Dio.netty.recycler.maxCapacityPerThread: 4096
23:45:43.158 DEBUG util.Recycler --Dio.netty.recycler.ratio: 8
23:45:43.158 DEBUG util.Recycler --Dio.netty.recycler.chunkSize: 32
23:45:43.158 DEBUG util.Recycler --Dio.netty.recycler.blocking: false
23:45:43.856 DEBUG compression.Brotli -brotli4j not in the classpath; Brotli support will be unavailable.
23:45:44.006 DEBUG internal.ThreadLocalRandom --Dio.netty.initialSeedUniquifier: 0x5f8b2e4162b99730
23:45:47.129 INFO  BaseClasses.CustomDriver -waiting for max:: 2 seconds for element to visible
23:45:47.172 INFO  BaseClasses.CustomDriver -element is visible on webpage
23:45:47.420 ERROR BaseClasses.CustomDriver -element not found with ::by.cssSelector=>a[class='nav-link nav-profile-link dropdown-toggle'] img[class='rounded-circle']
23:45:47.422 ERROR BaseClasses.CustomDriver -element not appeared on webpage
23:45:47.441 TRACE websocketx.WebSocket08FrameEncoder -Encoding WebSocket Frame opCode=8 length=26
