01:15:40.039 DEBUG internal.PlatformDependent0 -java.nio.DirectByteBuffer.<init>(long, int): unavailable
01:15:40.050 DEBUG internal.PlatformDependent -sun.misc.Unsafe: available
01:15:40.051 DEBUG internal.PlatformDependent -maxDirectMemory: 1574961152 bytes (maybe)
01:15:40.051 DEBUG internal.PlatformDependent --Dio.netty.tmpdir: C:\Users\LENOVO\AppData\Local\Temp (java.io.tmpdir)
01:15:40.052 DEBUG internal.PlatformDependent --Dio.netty.bitMode: 64 (sun.arch.data.model)
01:15:40.052 DEBUG internal.PlatformDependent -Platform: Windows
01:15:40.053 DEBUG internal.PlatformDependent --Dio.netty.maxDirectMemory: -1 bytes
01:15:40.053 DEBUG internal.PlatformDependent --Dio.netty.uninitializedArrayAllocationThreshold: -1
01:15:40.055 DEBUG internal.CleanerJava9 -java.nio.ByteBuffer.cleaner(): available
01:15:40.055 DEBUG internal.PlatformDependent --Dio.netty.noPreferDirect: false
01:15:40.069 DEBUG internal.PlatformDependent -org.jctools-core.MpscChunkedArrayQueue: available
01:15:40.097 DEBUG internal.InternalThreadLocalMap --Dio.netty.threadLocalMap.stringBuilder.initialSize: 1024
01:15:40.097 DEBUG internal.InternalThreadLocalMap --Dio.netty.threadLocalMap.stringBuilder.maxSize: 4096
01:15:40.327 DEBUG ssl.JdkSslContext -Default protocols (JDK): [TLSv1.3, TLSv1.2] 
01:15:40.328 DEBUG ssl.JdkSslContext -Default cipher suites (JDK): [TLS_ECDHE_ECDSA_WITH_AES_256_GCM_SHA384, TLS_ECDHE_ECDSA_WITH_AES_128_GCM_SHA256, TLS_ECDHE_RSA_WITH_AES_128_GCM_SHA256, TLS_ECDHE_RSA_WITH_AES_256_GCM_SHA384, TLS_ECDHE_RSA_WITH_AES_128_CBC_SHA, TLS_ECDHE_RSA_WITH_AES_256_CBC_SHA, TLS_RSA_WITH_AES_128_GCM_SHA256, TLS_RSA_WITH_AES_128_CBC_SHA, TLS_RSA_WITH_AES_256_CBC_SHA, TLS_AES_128_GCM_SHA256, TLS_AES_256_GCM_SHA384]
01:15:40.374 DEBUG channel.MultithreadEventLoopGroup --Dio.netty.eventLoopThreads: 24
01:15:40.391 DEBUG nio.NioEventLoop --Dio.netty.noKeySetOptimization: false
01:15:40.391 DEBUG nio.NioEventLoop --Dio.netty.selectorAutoRebuildThreshold: 512
01:15:40.425 TRACE nio.NioEventLoop -instrumented a special java.util.Set into: sun.nio.ch.WEPollSelectorImpl@656922a0
01:15:40.434 TRACE nio.NioEventLoop -instrumented a special java.util.Set into: sun.nio.ch.WEPollSelectorImpl@5922d3e9
01:15:40.436 TRACE nio.NioEventLoop -instrumented a special java.util.Set into: sun.nio.ch.WEPollSelectorImpl@7d57dbb5
01:15:40.439 TRACE nio.NioEventLoop -instrumented a special java.util.Set into: sun.nio.ch.WEPollSelectorImpl@630b6190
01:15:40.442 TRACE nio.NioEventLoop -instrumented a special java.util.Set into: sun.nio.ch.WEPollSelectorImpl@532e27ab
01:15:40.444 TRACE nio.NioEventLoop -instrumented a special java.util.Set into: sun.nio.ch.WEPollSelectorImpl@1cdc1bbc
01:15:40.447 TRACE nio.NioEventLoop -instrumented a special java.util.Set into: sun.nio.ch.WEPollSelectorImpl@5f95f1e1
01:15:40.450 TRACE nio.NioEventLoop -instrumented a special java.util.Set into: sun.nio.ch.WEPollSelectorImpl@672a1c62
01:15:40.452 TRACE nio.NioEventLoop -instrumented a special java.util.Set into: sun.nio.ch.WEPollSelectorImpl@459b6c53
01:15:40.455 TRACE nio.NioEventLoop -instrumented a special java.util.Set into: sun.nio.ch.WEPollSelectorImpl@39e69ea7
01:15:40.457 TRACE nio.NioEventLoop -instrumented a special java.util.Set into: sun.nio.ch.WEPollSelectorImpl@490c7a83
01:15:40.460 TRACE nio.NioEventLoop -instrumented a special java.util.Set into: sun.nio.ch.WEPollSelectorImpl@7e72a6cc
01:15:40.462 TRACE nio.NioEventLoop -instrumented a special java.util.Set into: sun.nio.ch.WEPollSelectorImpl@6015a4a5
01:15:40.464 TRACE nio.NioEventLoop -instrumented a special java.util.Set into: sun.nio.ch.WEPollSelectorImpl@6d0b0da6
01:15:40.467 TRACE nio.NioEventLoop -instrumented a special java.util.Set into: sun.nio.ch.WEPollSelectorImpl@4779aae6
01:15:40.469 TRACE nio.NioEventLoop -instrumented a special java.util.Set into: sun.nio.ch.WEPollSelectorImpl@2cd62003
01:15:40.471 TRACE nio.NioEventLoop -instrumented a special java.util.Set into: sun.nio.ch.WEPollSelectorImpl@61ab89b0
01:15:40.473 TRACE nio.NioEventLoop -instrumented a special java.util.Set into: sun.nio.ch.WEPollSelectorImpl@5478ce1e
01:15:40.475 TRACE nio.NioEventLoop -instrumented a special java.util.Set into: sun.nio.ch.WEPollSelectorImpl@5edc70ed
01:15:40.477 TRACE nio.NioEventLoop -instrumented a special java.util.Set into: sun.nio.ch.WEPollSelectorImpl@4317850d
01:15:40.479 TRACE nio.NioEventLoop -instrumented a special java.util.Set into: sun.nio.ch.WEPollSelectorImpl@7e4c72d6
01:15:40.481 TRACE nio.NioEventLoop -instrumented a special java.util.Set into: sun.nio.ch.WEPollSelectorImpl@6cd64b3f
01:15:40.483 TRACE nio.NioEventLoop -instrumented a special java.util.Set into: sun.nio.ch.WEPollSelectorImpl@51b01550
01:15:40.485 TRACE nio.NioEventLoop -instrumented a special java.util.Set into: sun.nio.ch.WEPollSelectorImpl@2ef0dd86
01:15:40.509 DEBUG buffer.PooledByteBufAllocator --Dio.netty.allocator.numHeapArenas: 24
01:15:40.509 DEBUG buffer.PooledByteBufAllocator --Dio.netty.allocator.numDirectArenas: 24
01:15:40.509 DEBUG buffer.PooledByteBufAllocator --Dio.netty.allocator.pageSize: 8192
01:15:40.510 DEBUG buffer.PooledByteBufAllocator --Dio.netty.allocator.maxOrder: 9
01:15:40.510 DEBUG buffer.PooledByteBufAllocator --Dio.netty.allocator.chunkSize: 4194304
01:15:40.510 DEBUG buffer.PooledByteBufAllocator --Dio.netty.allocator.smallCacheSize: 256
01:15:40.510 DEBUG buffer.PooledByteBufAllocator --Dio.netty.allocator.normalCacheSize: 64
01:15:40.510 DEBUG buffer.PooledByteBufAllocator --Dio.netty.allocator.maxCachedBufferCapacity: 32768
01:15:40.510 DEBUG buffer.PooledByteBufAllocator --Dio.netty.allocator.cacheTrimInterval: 8192
01:15:40.510 DEBUG buffer.PooledByteBufAllocator --Dio.netty.allocator.cacheTrimIntervalMillis: 0
01:15:40.510 DEBUG buffer.PooledByteBufAllocator --Dio.netty.allocator.useCacheForAllThreads: false
01:15:40.510 DEBUG buffer.PooledByteBufAllocator --Dio.netty.allocator.maxCachedByteBuffersPerChunk: 1023
01:15:40.525 DEBUG buffer.ByteBufUtil --Dio.netty.allocator.type: pooled
01:15:40.525 DEBUG buffer.ByteBufUtil --Dio.netty.threadLocalDirectBufferSize: 0
01:15:40.525 DEBUG buffer.ByteBufUtil --Dio.netty.maxThreadLocalCharBufferSize: 16384
01:15:40.897 DEBUG channel.DefaultChannelId --Dio.netty.processId: 21996 (auto-detected)
01:15:40.900 DEBUG util.NetUtil --Djava.net.preferIPv4Stack: false
01:15:40.900 DEBUG util.NetUtil --Djava.net.preferIPv6Addresses: false
01:15:40.907 DEBUG util.NetUtilInitializations -Loopback interface: lo (Software Loopback Interface 1, 127.0.0.1)
01:15:40.915 DEBUG util.NetUtil -Failed to get SOMAXCONN from sysctl and file \proc\sys\net\core\somaxconn. Default: 200
01:15:40.935 DEBUG channel.DefaultChannelId --Dio.netty.machineId: 00:45:e2:ff:fe:82:f7:93 (auto-detected)
01:15:40.994 DEBUG buffer.AbstractByteBuf --Dio.netty.buffer.checkAccessible: true
01:15:40.994 DEBUG buffer.AbstractByteBuf --Dio.netty.buffer.checkBounds: true
01:15:40.994 DEBUG util.ResourceLeakDetectorFactory -Loaded default ResourceLeakDetector: io.netty.util.ResourceLeakDetector@6b340f48
01:15:41.018 DEBUG util.Recycler --Dio.netty.recycler.maxCapacityPerThread: 4096
01:15:41.018 DEBUG util.Recycler --Dio.netty.recycler.ratio: 8
01:15:41.018 DEBUG util.Recycler --Dio.netty.recycler.chunkSize: 32
01:15:41.018 DEBUG util.Recycler --Dio.netty.recycler.blocking: false
01:15:41.663 DEBUG compression.Brotli -brotli4j not in the classpath; Brotli support will be unavailable.
01:15:41.811 DEBUG internal.ThreadLocalRandom --Dio.netty.initialSeedUniquifier: 0x5a2949cc8f93514b
01:15:44.781 INFO  BaseClasses.CustomDriver -waiting for max:: 2 seconds for element to visible
01:15:44.820 INFO  BaseClasses.CustomDriver -element is visible on webpage
01:15:45.234 INFO  BaseClasses.CustomDriver -send keys on element :: email with data kirankatkar3317@gmail.com
01:15:45.360 INFO  BaseClasses.CustomDriver -send keys on element :: password with data Kiran@3317
01:15:46.316 INFO  BaseClasses.CustomDriver -waiting for max:: 5 seconds for element to visible
01:15:46.342 INFO  BaseClasses.CustomDriver -element is visible on webpage
01:15:46.366 INFO  BaseClasses.CustomDriver -element :: account logo displayed is displayed
01:15:46.367 INFO  BaseTestCases.CheckPoint -test-02.Account Logo Check::PASS
01:15:46.578 TRACE websocketx.WebSocket08FrameEncoder -Encoding WebSocket Frame opCode=8 length=26
01:34:47.506 INFO  BaseTestCases.WebDriverFactory -driver binary ::C:\Users\LENOVO\pageobject\ModidiedOnline\drivers\chromedriver.exe
01:34:47.698 DEBUG logging.InternalLoggerFactory -Using Log4J2 as the default logging framework
01:34:47.705 DEBUG util.ResourceLeakDetector --Dio.netty.leakDetection.level: simple
01:34:47.705 DEBUG util.ResourceLeakDetector --Dio.netty.leakDetection.targetRecords: 4
01:34:47.712 DEBUG util.ResourceLeakDetectorFactory -Loaded default ResourceLeakDetector: io.netty.util.ResourceLeakDetector@6f1a80fb
01:34:47.735 DEBUG internal.PlatformDependent0 --Dio.netty.noUnsafe: false
01:34:47.736 DEBUG internal.PlatformDependent0 -Java version: 17
01:34:47.737 DEBUG internal.PlatformDependent0 -sun.misc.Unsafe.theUnsafe: available
01:34:47.742 DEBUG internal.PlatformDependent0 -sun.misc.Unsafe.copyMemory: available
01:34:47.742 DEBUG internal.PlatformDependent0 -sun.misc.Unsafe.storeFence: available
01:34:47.743 DEBUG internal.PlatformDependent0 -java.nio.Buffer.address: available
01:34:47.744 DEBUG internal.PlatformDependent0 -direct buffer constructor: unavailable
java.lang.UnsupportedOperationException: Reflective setAccessible(true) disabled
	at io.netty.util.internal.ReflectionUtil.trySetAccessible(ReflectionUtil.java:31) ~[netty-common-4.1.84.Final.jar:4.1.84.Final]
	at io.netty.util.internal.PlatformDependent0$5.run(PlatformDependent0.java:288) ~[netty-common-4.1.84.Final.jar:4.1.84.Final]
	at java.security.AccessController.doPrivileged(AccessController.java:318) ~[?:?]
	at io.netty.util.internal.PlatformDependent0.<clinit>(PlatformDependent0.java:282) ~[netty-common-4.1.84.Final.jar:4.1.84.Final]
	at io.netty.util.internal.PlatformDependent.isAndroid(PlatformDependent.java:333) ~[netty-common-4.1.84.Final.jar:4.1.84.Final]
	at io.netty.util.internal.PlatformDependent.<clinit>(PlatformDependent.java:88) ~[netty-common-4.1.84.Final.jar:4.1.84.Final]
	at io.netty.util.HashedWheelTimer.<init>(HashedWheelTimer.java:114) ~[netty-common-4.1.84.Final.jar:4.1.84.Final]
	at io.netty.util.HashedWheelTimer.<init>(HashedWheelTimer.java:251) ~[netty-common-4.1.84.Final.jar:4.1.84.Final]
	at io.netty.util.HashedWheelTimer.<init>(HashedWheelTimer.java:224) ~[netty-common-4.1.84.Final.jar:4.1.84.Final]
	at io.netty.util.HashedWheelTimer.<init>(HashedWheelTimer.java:203) ~[netty-common-4.1.84.Final.jar:4.1.84.Final]
	at org.asynchttpclient.DefaultAsyncHttpClient.newNettyTimer(DefaultAsyncHttpClient.java:111) ~[async-http-client-2.12.3.jar:?]
	at org.asynchttpclient.DefaultAsyncHttpClient.<init>(DefaultAsyncHttpClient.java:90) ~[async-http-client-2.12.3.jar:?]
	at org.asynchttpclient.Dsl.asyncHttpClient(Dsl.java:32) ~[async-http-client-2.12.3.jar:?]
	at org.openqa.selenium.remote.http.netty.NettyClient.createHttpClient(NettyClient.java:94) ~[selenium-remote-driver-4.7.2.jar:?]
	at org.openqa.selenium.remote.http.netty.NettyClient.<clinit>(NettyClient.java:47) ~[selenium-remote-driver-4.7.2.jar:?]
	at org.openqa.selenium.remote.http.netty.NettyClient$Factory.createClient(NettyClient.java:135) ~[selenium-remote-driver-4.7.2.jar:?]
	at org.openqa.selenium.remote.HttpCommandExecutor.<init>(HttpCommandExecutor.java:107) ~[selenium-remote-driver-4.7.2.jar:?]
	at org.openqa.selenium.remote.HttpCommandExecutor.<init>(HttpCommandExecutor.java:94) ~[selenium-remote-driver-4.7.2.jar:?]
	at org.openqa.selenium.remote.HttpCommandExecutor.<init>(HttpCommandExecutor.java:85) ~[selenium-remote-driver-4.7.2.jar:?]
	at org.openqa.selenium.remote.service.DriverCommandExecutor.<init>(DriverCommandExecutor.java:80) ~[selenium-remote-driver-4.7.2.jar:?]
	at org.openqa.selenium.chromium.ChromiumDriverCommandExecutor.<init>(ChromiumDriverCommandExecutor.java:35) ~[selenium-chromium-driver-4.7.2.jar:?]
	at org.openqa.selenium.chrome.ChromeDriver$ChromeDriverCommandExecutor.<init>(ChromeDriver.java:94) ~[selenium-chrome-driver-4.7.2.jar:?]
	at org.openqa.selenium.chrome.ChromeDriver.<init>(ChromeDriver.java:82) ~[selenium-chrome-driver-4.7.2.jar:?]
	at org.openqa.selenium.chrome.ChromeDriver.<init>(ChromeDriver.java:71) ~[selenium-chrome-driver-4.7.2.jar:?]
	at com.wa.ModifiedOnline.BaseTestCases.WebDriverFactory.getDriver(WebDriverFactory.java:46) ~[test-classes/:?]
	at com.wa.ModifiedOnline.BaseTestCases.BaseTest.commonSetup(BaseTest.java:33) ~[test-classes/:?]
	at Cucumber.StepDefinition.StepDefinitionLogin.open_website_click_on_log_in_link(StepDefinitionLogin.java:38) ~[test-classes/:?]
	at jdk.internal.reflect.NativeMethodAccessorImpl.invoke0(Native Method) ~[?:?]
	at jdk.internal.reflect.NativeMethodAccessorImpl.invoke(NativeMethodAccessorImpl.java:77) ~[?:?]
	at jdk.internal.reflect.DelegatingMethodAccessorImpl.invoke(DelegatingMethodAccessorImpl.java:43) ~[?:?]
	at java.lang.reflect.Method.invoke(Method.java:568) ~[?:?]
	at io.cucumber.java.Invoker.doInvoke(Invoker.java:66) ~[cucumber-java-7.11.2.jar:7.11.2]
	at io.cucumber.java.Invoker.invoke(Invoker.java:24) ~[cucumber-java-7.11.2.jar:7.11.2]
	at io.cucumber.java.AbstractGlueDefinition.invokeMethod(AbstractGlueDefinition.java:47) ~[cucumber-java-7.11.2.jar:7.11.2]
	at io.cucumber.java.JavaStepDefinition.execute(JavaStepDefinition.java:29) ~[cucumber-java-7.11.2.jar:7.11.2]
	at io.cucumber.core.runner.CoreStepDefinition.execute(CoreStepDefinition.java:66) ~[cucumber-core-7.11.2.jar:7.11.2]
	at io.cucumber.core.runner.PickleStepDefinitionMatch.runStep(PickleStepDefinitionMatch.java:63) ~[cucumber-core-7.11.2.jar:7.11.2]
	at io.cucumber.core.runner.ExecutionMode$1.execute(ExecutionMode.java:10) ~[cucumber-core-7.11.2.jar:7.11.2]
	at io.cucumber.core.runner.TestStep.executeStep(TestStep.java:84) ~[cucumber-core-7.11.2.jar:7.11.2]
	at io.cucumber.core.runner.TestStep.run(TestStep.java:56) ~[cucumber-core-7.11.2.jar:7.11.2]
	at io.cucumber.core.runner.PickleStepTestStep.run(PickleStepTestStep.java:51) ~[cucumber-core-7.11.2.jar:7.11.2]
	at io.cucumber.core.runner.TestCase.run(TestCase.java:84) ~[cucumber-core-7.11.2.jar:7.11.2]
	at io.cucumber.core.runner.Runner.runPickle(Runner.java:75) ~[cucumber-core-7.11.2.jar:7.11.2]
	at io.cucumber.testng.TestNGCucumberRunner.lambda$runScenario$1(TestNGCucumberRunner.java:132) ~[cucumber-testng-7.11.2.jar:7.11.2]
	at io.cucumber.core.runtime.CucumberExecutionContext.lambda$runTestCase$5(CucumberExecutionContext.java:130) ~[cucumber-core-7.11.2.jar:7.11.2]
	at io.cucumber.core.runtime.RethrowingThrowableCollector.executeAndThrow(RethrowingThrowableCollector.java:23) ~[cucumber-core-7.11.2.jar:7.11.2]
	at io.cucumber.core.runtime.CucumberExecutionContext.runTestCase(CucumberExecutionContext.java:130) ~[cucumber-core-7.11.2.jar:7.11.2]
	at io.cucumber.testng.TestNGCucumberRunner.runScenario(TestNGCucumberRunner.java:129) ~[cucumber-testng-7.11.2.jar:7.11.2]
	at io.cucumber.testng.AbstractTestNGCucumberTests.runScenario(AbstractTestNGCucumberTests.java:35) ~[cucumber-testng-7.11.2.jar:7.11.2]
	at jdk.internal.reflect.NativeMethodAccessorImpl.invoke0(Native Method) ~[?:?]
	at jdk.internal.reflect.NativeMethodAccessorImpl.invoke(NativeMethodAccessorImpl.java:77) ~[?:?]
	at jdk.internal.reflect.DelegatingMethodAccessorImpl.invoke(DelegatingMethodAccessorImpl.java:43) ~[?:?]
	at java.lang.reflect.Method.invoke(Method.java:568) ~[?:?]
	at org.testng.internal.MethodInvocationHelper.invokeMethod(MethodInvocationHelper.java:133) ~[org.testng_7.4.0.r202105021533.jar:7.4.0]
	at org.testng.internal.TestInvoker.invokeMethod(TestInvoker.java:598) ~[org.testng_7.4.0.r202105021533.jar:7.4.0]
	at org.testng.internal.TestInvoker.invokeTestMethod(TestInvoker.java:173) ~[org.testng_7.4.0.r202105021533.jar:7.4.0]
	at org.testng.internal.MethodRunner.runInSequence(MethodRunner.java:46) ~[org.testng_7.4.0.r202105021533.jar:7.4.0]
	at org.testng.internal.TestInvoker$MethodInvocationAgent.invoke(TestInvoker.java:824) ~[org.testng_7.4.0.r202105021533.jar:7.4.0]
	at org.testng.internal.TestInvoker.invokeTestMethods(TestInvoker.java:146) ~[org.testng_7.4.0.r202105021533.jar:7.4.0]
	at org.testng.internal.TestMethodWorker.invokeTestMethods(TestMethodWorker.java:146) ~[org.testng_7.4.0.r202105021533.jar:7.4.0]
	at org.testng.internal.TestMethodWorker.run(TestMethodWorker.java:128) ~[org.testng_7.4.0.r202105021533.jar:7.4.0]
	at java.util.ArrayList.forEach(ArrayList.java:1511) ~[?:?]
	at org.testng.TestRunner.privateRun(TestRunner.java:794) ~[org.testng_7.4.0.r202105021533.jar:7.4.0]
	at org.testng.TestRunner.run(TestRunner.java:596) ~[org.testng_7.4.0.r202105021533.jar:7.4.0]
	at org.testng.SuiteRunner.runTest(SuiteRunner.java:377) ~[org.testng_7.4.0.r202105021533.jar:7.4.0]
	at org.testng.SuiteRunner.runSequentially(SuiteRunner.java:371) ~[org.testng_7.4.0.r202105021533.jar:7.4.0]
	at org.testng.SuiteRunner.privateRun(SuiteRunner.java:332) ~[org.testng_7.4.0.r202105021533.jar:7.4.0]
	at org.testng.SuiteRunner.run(SuiteRunner.java:276) ~[org.testng_7.4.0.r202105021533.jar:7.4.0]
	at org.testng.SuiteRunnerWorker.runSuite(SuiteRunnerWorker.java:53) ~[org.testng_7.4.0.r202105021533.jar:7.4.0]
	at org.testng.SuiteRunnerWorker.run(SuiteRunnerWorker.java:96) ~[org.testng_7.4.0.r202105021533.jar:7.4.0]
	at org.testng.TestNG.runSuitesSequentially(TestNG.java:1212) ~[org.testng_7.4.0.r202105021533.jar:7.4.0]
	at org.testng.TestNG.runSuitesLocally(TestNG.java:1134) ~[org.testng_7.4.0.r202105021533.jar:7.4.0]
	at org.testng.TestNG.runSuites(TestNG.java:1063) ~[org.testng_7.4.0.r202105021533.jar:7.4.0]
	at org.testng.TestNG.run(TestNG.java:1031) ~[org.testng_7.4.0.r202105021533.jar:7.4.0]
	at org.testng.remote.AbstractRemoteTestNG.run(AbstractRemoteTestNG.java:115) ~[testng-remote.jar:?]
	at org.testng.remote.RemoteTestNG.initAndRun(RemoteTestNG.java:251) ~[testng-remote.jar:?]
	at org.testng.remote.RemoteTestNG.main(RemoteTestNG.java:77) ~[testng-remote.jar:?]
01:34:47.758 DEBUG internal.PlatformDependent0 -java.nio.Bits.unaligned: available, true
01:34:47.760 DEBUG internal.PlatformDependent0 -jdk.internal.misc.Unsafe.allocateUninitializedArray(int): unavailable
java.lang.IllegalAccessException: class io.netty.util.internal.PlatformDependent0$7 cannot access class jdk.internal.misc.Unsafe (in module java.base) because module java.base does not export jdk.internal.misc to unnamed module @9f70c54
	at jdk.internal.reflect.Reflection.newIllegalAccessException(Reflection.java:392) ~[?:?]
	at java.lang.reflect.AccessibleObject.checkAccess(AccessibleObject.java:674) ~[?:?]
	at java.lang.reflect.Method.invoke(Method.java:560) ~[?:?]
	at io.netty.util.internal.PlatformDependent0$7.run(PlatformDependent0.java:410) ~[netty-common-4.1.84.Final.jar:4.1.84.Final]
	at java.security.AccessController.doPrivileged(AccessController.java:318) ~[?:?]
	at io.netty.util.internal.PlatformDependent0.<clinit>(PlatformDependent0.java:401) ~[netty-common-4.1.84.Final.jar:4.1.84.Final]
	at io.netty.util.internal.PlatformDependent.isAndroid(PlatformDependent.java:333) ~[netty-common-4.1.84.Final.jar:4.1.84.Final]
	at io.netty.util.internal.PlatformDependent.<clinit>(PlatformDependent.java:88) ~[netty-common-4.1.84.Final.jar:4.1.84.Final]
	at io.netty.util.HashedWheelTimer.<init>(HashedWheelTimer.java:114) ~[netty-common-4.1.84.Final.jar:4.1.84.Final]
	at io.netty.util.HashedWheelTimer.<init>(HashedWheelTimer.java:251) ~[netty-common-4.1.84.Final.jar:4.1.84.Final]
	at io.netty.util.HashedWheelTimer.<init>(HashedWheelTimer.java:224) ~[netty-common-4.1.84.Final.jar:4.1.84.Final]
	at io.netty.util.HashedWheelTimer.<init>(HashedWheelTimer.java:203) ~[netty-common-4.1.84.Final.jar:4.1.84.Final]
	at org.asynchttpclient.DefaultAsyncHttpClient.newNettyTimer(DefaultAsyncHttpClient.java:111) ~[async-http-client-2.12.3.jar:?]
	at org.asynchttpclient.DefaultAsyncHttpClient.<init>(DefaultAsyncHttpClient.java:90) ~[async-http-client-2.12.3.jar:?]
	at org.asynchttpclient.Dsl.asyncHttpClient(Dsl.java:32) ~[async-http-client-2.12.3.jar:?]
	at org.openqa.selenium.remote.http.netty.NettyClient.createHttpClient(NettyClient.java:94) ~[selenium-remote-driver-4.7.2.jar:?]
	at org.openqa.selenium.remote.http.netty.NettyClient.<clinit>(NettyClient.java:47) ~[selenium-remote-driver-4.7.2.jar:?]
	at org.openqa.selenium.remote.http.netty.NettyClient$Factory.createClient(NettyClient.java:135) ~[selenium-remote-driver-4.7.2.jar:?]
	at org.openqa.selenium.remote.HttpCommandExecutor.<init>(HttpCommandExecutor.java:107) ~[selenium-remote-driver-4.7.2.jar:?]
	at org.openqa.selenium.remote.HttpCommandExecutor.<init>(HttpCommandExecutor.java:94) ~[selenium-remote-driver-4.7.2.jar:?]
	at org.openqa.selenium.remote.HttpCommandExecutor.<init>(HttpCommandExecutor.java:85) ~[selenium-remote-driver-4.7.2.jar:?]
	at org.openqa.selenium.remote.service.DriverCommandExecutor.<init>(DriverCommandExecutor.java:80) ~[selenium-remote-driver-4.7.2.jar:?]
	at org.openqa.selenium.chromium.ChromiumDriverCommandExecutor.<init>(ChromiumDriverCommandExecutor.java:35) ~[selenium-chromium-driver-4.7.2.jar:?]
	at org.openqa.selenium.chrome.ChromeDriver$ChromeDriverCommandExecutor.<init>(ChromeDriver.java:94) ~[selenium-chrome-driver-4.7.2.jar:?]
	at org.openqa.selenium.chrome.ChromeDriver.<init>(ChromeDriver.java:82) ~[selenium-chrome-driver-4.7.2.jar:?]
	at org.openqa.selenium.chrome.ChromeDriver.<init>(ChromeDriver.java:71) ~[selenium-chrome-driver-4.7.2.jar:?]
	at com.wa.ModifiedOnline.BaseTestCases.WebDriverFactory.getDriver(WebDriverFactory.java:46) ~[test-classes/:?]
	at com.wa.ModifiedOnline.BaseTestCases.BaseTest.commonSetup(BaseTest.java:33) ~[test-classes/:?]
	at Cucumber.StepDefinition.StepDefinitionLogin.open_website_click_on_log_in_link(StepDefinitionLogin.java:38) ~[test-classes/:?]
	at jdk.internal.reflect.NativeMethodAccessorImpl.invoke0(Native Method) ~[?:?]
	at jdk.internal.reflect.NativeMethodAccessorImpl.invoke(NativeMethodAccessorImpl.java:77) ~[?:?]
	at jdk.internal.reflect.DelegatingMethodAccessorImpl.invoke(DelegatingMethodAccessorImpl.java:43) ~[?:?]
	at java.lang.reflect.Method.invoke(Method.java:568) ~[?:?]
	at io.cucumber.java.Invoker.doInvoke(Invoker.java:66) ~[cucumber-java-7.11.2.jar:7.11.2]
	at io.cucumber.java.Invoker.invoke(Invoker.java:24) ~[cucumber-java-7.11.2.jar:7.11.2]
	at io.cucumber.java.AbstractGlueDefinition.invokeMethod(AbstractGlueDefinition.java:47) ~[cucumber-java-7.11.2.jar:7.11.2]
	at io.cucumber.java.JavaStepDefinition.execute(JavaStepDefinition.java:29) ~[cucumber-java-7.11.2.jar:7.11.2]
	at io.cucumber.core.runner.CoreStepDefinition.execute(CoreStepDefinition.java:66) ~[cucumber-core-7.11.2.jar:7.11.2]
	at io.cucumber.core.runner.PickleStepDefinitionMatch.runStep(PickleStepDefinitionMatch.java:63) ~[cucumber-core-7.11.2.jar:7.11.2]
	at io.cucumber.core.runner.ExecutionMode$1.execute(ExecutionMode.java:10) ~[cucumber-core-7.11.2.jar:7.11.2]
	at io.cucumber.core.runner.TestStep.executeStep(TestStep.java:84) ~[cucumber-core-7.11.2.jar:7.11.2]
	at io.cucumber.core.runner.TestStep.run(TestStep.java:56) ~[cucumber-core-7.11.2.jar:7.11.2]
	at io.cucumber.core.runner.PickleStepTestStep.run(PickleStepTestStep.java:51) ~[cucumber-core-7.11.2.jar:7.11.2]
	at io.cucumber.core.runner.TestCase.run(TestCase.java:84) ~[cucumber-core-7.11.2.jar:7.11.2]
	at io.cucumber.core.runner.Runner.runPickle(Runner.java:75) ~[cucumber-core-7.11.2.jar:7.11.2]
	at io.cucumber.testng.TestNGCucumberRunner.lambda$runScenario$1(TestNGCucumberRunner.java:132) ~[cucumber-testng-7.11.2.jar:7.11.2]
	at io.cucumber.core.runtime.CucumberExecutionContext.lambda$runTestCase$5(CucumberExecutionContext.java:130) ~[cucumber-core-7.11.2.jar:7.11.2]
	at io.cucumber.core.runtime.RethrowingThrowableCollector.executeAndThrow(RethrowingThrowableCollector.java:23) ~[cucumber-core-7.11.2.jar:7.11.2]
	at io.cucumber.core.runtime.CucumberExecutionContext.runTestCase(CucumberExecutionContext.java:130) ~[cucumber-core-7.11.2.jar:7.11.2]
	at io.cucumber.testng.TestNGCucumberRunner.runScenario(TestNGCucumberRunner.java:129) ~[cucumber-testng-7.11.2.jar:7.11.2]
	at io.cucumber.testng.AbstractTestNGCucumberTests.runScenario(AbstractTestNGCucumberTests.java:35) ~[cucumber-testng-7.11.2.jar:7.11.2]
	at jdk.internal.reflect.NativeMethodAccessorImpl.invoke0(Native Method) ~[?:?]
	at jdk.internal.reflect.NativeMethodAccessorImpl.invoke(NativeMethodAccessorImpl.java:77) ~[?:?]
	at jdk.internal.reflect.DelegatingMethodAccessorImpl.invoke(DelegatingMethodAccessorImpl.java:43) ~[?:?]
	at java.lang.reflect.Method.invoke(Method.java:568) ~[?:?]
	at org.testng.internal.MethodInvocationHelper.invokeMethod(MethodInvocationHelper.java:133) ~[org.testng_7.4.0.r202105021533.jar:7.4.0]
	at org.testng.internal.TestInvoker.invokeMethod(TestInvoker.java:598) ~[org.testng_7.4.0.r202105021533.jar:7.4.0]
	at org.testng.internal.TestInvoker.invokeTestMethod(TestInvoker.java:173) ~[org.testng_7.4.0.r202105021533.jar:7.4.0]
	at org.testng.internal.MethodRunner.runInSequence(MethodRunner.java:46) ~[org.testng_7.4.0.r202105021533.jar:7.4.0]
	at org.testng.internal.TestInvoker$MethodInvocationAgent.invoke(TestInvoker.java:824) ~[org.testng_7.4.0.r202105021533.jar:7.4.0]
	at org.testng.internal.TestInvoker.invokeTestMethods(TestInvoker.java:146) ~[org.testng_7.4.0.r202105021533.jar:7.4.0]
	at org.testng.internal.TestMethodWorker.invokeTestMethods(TestMethodWorker.java:146) ~[org.testng_7.4.0.r202105021533.jar:7.4.0]
	at org.testng.internal.TestMethodWorker.run(TestMethodWorker.java:128) ~[org.testng_7.4.0.r202105021533.jar:7.4.0]
	at java.util.ArrayList.forEach(ArrayList.java:1511) ~[?:?]
	at org.testng.TestRunner.privateRun(TestRunner.java:794) ~[org.testng_7.4.0.r202105021533.jar:7.4.0]
	at org.testng.TestRunner.run(TestRunner.java:596) ~[org.testng_7.4.0.r202105021533.jar:7.4.0]
	at org.testng.SuiteRunner.runTest(SuiteRunner.java:377) ~[org.testng_7.4.0.r202105021533.jar:7.4.0]
	at org.testng.SuiteRunner.runSequentially(SuiteRunner.java:371) ~[org.testng_7.4.0.r202105021533.jar:7.4.0]
	at org.testng.SuiteRunner.privateRun(SuiteRunner.java:332) ~[org.testng_7.4.0.r202105021533.jar:7.4.0]
	at org.testng.SuiteRunner.run(SuiteRunner.java:276) ~[org.testng_7.4.0.r202105021533.jar:7.4.0]
	at org.testng.SuiteRunnerWorker.runSuite(SuiteRunnerWorker.java:53) ~[org.testng_7.4.0.r202105021533.jar:7.4.0]
	at org.testng.SuiteRunnerWorker.run(SuiteRunnerWorker.java:96) ~[org.testng_7.4.0.r202105021533.jar:7.4.0]
	at org.testng.TestNG.runSuitesSequentially(TestNG.java:1212) ~[org.testng_7.4.0.r202105021533.jar:7.4.0]
	at org.testng.TestNG.runSuitesLocally(TestNG.java:1134) ~[org.testng_7.4.0.r202105021533.jar:7.4.0]
	at org.testng.TestNG.runSuites(TestNG.java:1063) ~[org.testng_7.4.0.r202105021533.jar:7.4.0]
	at org.testng.TestNG.run(TestNG.java:1031) ~[org.testng_7.4.0.r202105021533.jar:7.4.0]
	at org.testng.remote.AbstractRemoteTestNG.run(AbstractRemoteTestNG.java:115) ~[testng-remote.jar:?]
	at org.testng.remote.RemoteTestNG.initAndRun(RemoteTestNG.java:251) ~[testng-remote.jar:?]
	at org.testng.remote.RemoteTestNG.main(RemoteTestNG.java:77) ~[testng-remote.jar:?]
01:34:47.765 DEBUG internal.PlatformDependent0 -java.nio.DirectByteBuffer.<init>(long, int): unavailable
01:34:47.765 DEBUG internal.PlatformDependent -sun.misc.Unsafe: available
01:34:47.766 DEBUG internal.PlatformDependent -maxDirectMemory: 1574961152 bytes (maybe)
01:34:47.767 DEBUG internal.PlatformDependent --Dio.netty.tmpdir: C:\Users\LENOVO\AppData\Local\Temp (java.io.tmpdir)
01:34:47.767 DEBUG internal.PlatformDependent --Dio.netty.bitMode: 64 (sun.arch.data.model)
01:34:47.768 DEBUG internal.PlatformDependent -Platform: Windows
01:34:47.770 DEBUG internal.PlatformDependent --Dio.netty.maxDirectMemory: -1 bytes
01:34:47.770 DEBUG internal.PlatformDependent --Dio.netty.uninitializedArrayAllocationThreshold: -1
01:34:47.772 DEBUG internal.CleanerJava9 -java.nio.ByteBuffer.cleaner(): available
01:34:47.772 DEBUG internal.PlatformDependent --Dio.netty.noPreferDirect: false
01:34:47.781 DEBUG internal.PlatformDependent -org.jctools-core.MpscChunkedArrayQueue: available
01:34:47.809 DEBUG internal.InternalThreadLocalMap --Dio.netty.threadLocalMap.stringBuilder.initialSize: 1024
01:34:47.809 DEBUG internal.InternalThreadLocalMap --Dio.netty.threadLocalMap.stringBuilder.maxSize: 4096
01:34:48.094 DEBUG ssl.JdkSslContext -Default protocols (JDK): [TLSv1.3, TLSv1.2] 
01:34:48.095 DEBUG ssl.JdkSslContext -Default cipher suites (JDK): [TLS_ECDHE_ECDSA_WITH_AES_256_GCM_SHA384, TLS_ECDHE_ECDSA_WITH_AES_128_GCM_SHA256, TLS_ECDHE_RSA_WITH_AES_128_GCM_SHA256, TLS_ECDHE_RSA_WITH_AES_256_GCM_SHA384, TLS_ECDHE_RSA_WITH_AES_128_CBC_SHA, TLS_ECDHE_RSA_WITH_AES_256_CBC_SHA, TLS_RSA_WITH_AES_128_GCM_SHA256, TLS_RSA_WITH_AES_128_CBC_SHA, TLS_RSA_WITH_AES_256_CBC_SHA, TLS_AES_128_GCM_SHA256, TLS_AES_256_GCM_SHA384]
01:34:48.128 DEBUG channel.MultithreadEventLoopGroup --Dio.netty.eventLoopThreads: 24
01:34:48.142 DEBUG nio.NioEventLoop --Dio.netty.noKeySetOptimization: false
01:34:48.142 DEBUG nio.NioEventLoop --Dio.netty.selectorAutoRebuildThreshold: 512
01:34:48.170 TRACE nio.NioEventLoop -instrumented a special java.util.Set into: sun.nio.ch.WEPollSelectorImpl@48904d5a
01:34:48.172 TRACE nio.NioEventLoop -instrumented a special java.util.Set into: sun.nio.ch.WEPollSelectorImpl@5e922647
01:34:48.174 TRACE nio.NioEventLoop -instrumented a special java.util.Set into: sun.nio.ch.WEPollSelectorImpl@433c6abb
01:34:48.176 TRACE nio.NioEventLoop -instrumented a special java.util.Set into: sun.nio.ch.WEPollSelectorImpl@288f173f
01:34:48.178 TRACE nio.NioEventLoop -instrumented a special java.util.Set into: sun.nio.ch.WEPollSelectorImpl@a22c4d8
01:34:48.180 TRACE nio.NioEventLoop -instrumented a special java.util.Set into: sun.nio.ch.WEPollSelectorImpl@45cd7bc5
01:34:48.182 TRACE nio.NioEventLoop -instrumented a special java.util.Set into: sun.nio.ch.WEPollSelectorImpl@6504a875
01:34:48.184 TRACE nio.NioEventLoop -instrumented a special java.util.Set into: sun.nio.ch.WEPollSelectorImpl@35e26d05
01:34:48.187 TRACE nio.NioEventLoop -instrumented a special java.util.Set into: sun.nio.ch.WEPollSelectorImpl@29fa6b65
01:34:48.189 TRACE nio.NioEventLoop -instrumented a special java.util.Set into: sun.nio.ch.WEPollSelectorImpl@7c72ecc
01:34:48.191 TRACE nio.NioEventLoop -instrumented a special java.util.Set into: sun.nio.ch.WEPollSelectorImpl@47406941
01:34:48.193 TRACE nio.NioEventLoop -instrumented a special java.util.Set into: sun.nio.ch.WEPollSelectorImpl@61ecbee9
01:34:48.195 TRACE nio.NioEventLoop -instrumented a special java.util.Set into: sun.nio.ch.WEPollSelectorImpl@1bb740f2
01:34:48.197 TRACE nio.NioEventLoop -instrumented a special java.util.Set into: sun.nio.ch.WEPollSelectorImpl@2538bc06
01:34:48.200 TRACE nio.NioEventLoop -instrumented a special java.util.Set into: sun.nio.ch.WEPollSelectorImpl@61f6d381
01:34:48.202 TRACE nio.NioEventLoop -instrumented a special java.util.Set into: sun.nio.ch.WEPollSelectorImpl@656922a0
01:34:48.204 TRACE nio.NioEventLoop -instrumented a special java.util.Set into: sun.nio.ch.WEPollSelectorImpl@44784e2f
01:34:48.206 TRACE nio.NioEventLoop -instrumented a special java.util.Set into: sun.nio.ch.WEPollSelectorImpl@2440022a
01:34:48.208 TRACE nio.NioEventLoop -instrumented a special java.util.Set into: sun.nio.ch.WEPollSelectorImpl@737db7f8
01:34:48.211 TRACE nio.NioEventLoop -instrumented a special java.util.Set into: sun.nio.ch.WEPollSelectorImpl@5f2de715
01:34:48.213 TRACE nio.NioEventLoop -instrumented a special java.util.Set into: sun.nio.ch.WEPollSelectorImpl@5922d3e9
01:34:48.215 TRACE nio.NioEventLoop -instrumented a special java.util.Set into: sun.nio.ch.WEPollSelectorImpl@7d57dbb5
01:34:48.218 TRACE nio.NioEventLoop -instrumented a special java.util.Set into: sun.nio.ch.WEPollSelectorImpl@630b6190
01:34:48.219 TRACE nio.NioEventLoop -instrumented a special java.util.Set into: sun.nio.ch.WEPollSelectorImpl@532e27ab
01:34:48.260 DEBUG buffer.PooledByteBufAllocator --Dio.netty.allocator.numHeapArenas: 24
01:34:48.260 DEBUG buffer.PooledByteBufAllocator --Dio.netty.allocator.numDirectArenas: 24
01:34:48.260 DEBUG buffer.PooledByteBufAllocator --Dio.netty.allocator.pageSize: 8192
01:34:48.261 DEBUG buffer.PooledByteBufAllocator --Dio.netty.allocator.maxOrder: 9
01:34:48.261 DEBUG buffer.PooledByteBufAllocator --Dio.netty.allocator.chunkSize: 4194304
01:34:48.261 DEBUG buffer.PooledByteBufAllocator --Dio.netty.allocator.smallCacheSize: 256
01:34:48.261 DEBUG buffer.PooledByteBufAllocator --Dio.netty.allocator.normalCacheSize: 64
01:34:48.261 DEBUG buffer.PooledByteBufAllocator --Dio.netty.allocator.maxCachedBufferCapacity: 32768
01:34:48.261 DEBUG buffer.PooledByteBufAllocator --Dio.netty.allocator.cacheTrimInterval: 8192
01:34:48.262 DEBUG buffer.PooledByteBufAllocator --Dio.netty.allocator.cacheTrimIntervalMillis: 0
01:34:48.262 DEBUG buffer.PooledByteBufAllocator --Dio.netty.allocator.useCacheForAllThreads: false
01:34:48.262 DEBUG buffer.PooledByteBufAllocator --Dio.netty.allocator.maxCachedByteBuffersPerChunk: 1023
01:34:48.277 DEBUG buffer.ByteBufUtil --Dio.netty.allocator.type: pooled
01:34:48.277 DEBUG buffer.ByteBufUtil --Dio.netty.threadLocalDirectBufferSize: 0
01:34:48.277 DEBUG buffer.ByteBufUtil --Dio.netty.maxThreadLocalCharBufferSize: 16384
01:34:48.652 DEBUG channel.DefaultChannelId --Dio.netty.processId: 13576 (auto-detected)
01:34:48.655 DEBUG util.NetUtil --Djava.net.preferIPv4Stack: false
01:34:48.655 DEBUG util.NetUtil --Djava.net.preferIPv6Addresses: false
01:34:48.663 DEBUG util.NetUtilInitializations -Loopback interface: lo (Software Loopback Interface 1, 127.0.0.1)
01:34:48.664 DEBUG util.NetUtil -Failed to get SOMAXCONN from sysctl and file \proc\sys\net\core\somaxconn. Default: 200
01:34:48.682 DEBUG channel.DefaultChannelId --Dio.netty.machineId: 00:45:e2:ff:fe:82:f7:93 (auto-detected)
01:34:48.743 DEBUG buffer.AbstractByteBuf --Dio.netty.buffer.checkAccessible: true
01:34:48.743 DEBUG buffer.AbstractByteBuf --Dio.netty.buffer.checkBounds: true
01:34:48.743 DEBUG util.ResourceLeakDetectorFactory -Loaded default ResourceLeakDetector: io.netty.util.ResourceLeakDetector@6482da48
01:34:48.769 DEBUG util.Recycler --Dio.netty.recycler.maxCapacityPerThread: 4096
01:34:48.769 DEBUG util.Recycler --Dio.netty.recycler.ratio: 8
01:34:48.769 DEBUG util.Recycler --Dio.netty.recycler.chunkSize: 32
01:34:48.769 DEBUG util.Recycler --Dio.netty.recycler.blocking: false
01:34:49.537 DEBUG compression.Brotli -brotli4j not in the classpath; Brotli support will be unavailable.
01:34:49.703 DEBUG internal.ThreadLocalRandom --Dio.netty.initialSeedUniquifier: 0x8ba323beb2db7f06
01:34:52.563 INFO  BaseClasses.CustomDriver -waiting for max:: 2 seconds for element to visible
01:34:52.605 INFO  BaseClasses.CustomDriver -element is visible on webpage
01:34:53.029 INFO  BaseClasses.CustomDriver -send keys on element :: email with data kirankatkar3317@gmail.com
01:34:53.175 INFO  BaseClasses.CustomDriver -send keys on element :: password with data Kiran@3317
01:34:54.129 INFO  BaseClasses.CustomDriver -waiting for max:: 5 seconds for element to visible
01:34:54.152 INFO  BaseClasses.CustomDriver -element is visible on webpage
01:34:54.180 INFO  BaseClasses.CustomDriver -element :: account logo displayed is displayed
01:34:54.182 INFO  BaseTestCases.CheckPoint -test-02.Account Logo Check::PASS
01:34:54.400 TRACE websocketx.WebSocket08FrameEncoder -Encoding WebSocket Frame opCode=8 length=26
